{"/home/gabriel/finalTest/Restricted-CPF-API/src/app.ts":{"path":"/home/gabriel/finalTest/Restricted-CPF-API/src/app.ts","statementMap":{"0":{"start":{"line":2,"column":22},"end":{"line":4,"column":1}},"1":{"start":{"line":3,"column":4},"end":{"line":3,"column":62}},"2":{"start":{"line":5,"column":0},"end":{"line":5,"column":62}},"3":{"start":{"line":6,"column":0},"end":{"line":6,"column":21}},"4":{"start":{"line":7,"column":18},"end":{"line":7,"column":53}},"5":{"start":{"line":8,"column":29},"end":{"line":8,"column":75}},"6":{"start":{"line":9,"column":23},"end":{"line":9,"column":65}},"7":{"start":{"line":10,"column":17},"end":{"line":10,"column":36}},"8":{"start":{"line":13,"column":8},"end":{"line":13,"column":44}},"9":{"start":{"line":14,"column":8},"end":{"line":14,"column":22}},"10":{"start":{"line":16,"column":8},"end":{"line":16,"column":64}},"11":{"start":{"line":16,"column":40},"end":{"line":16,"column":62}},"12":{"start":{"line":19,"column":30},"end":{"line":24,"column":9}},"13":{"start":{"line":20,"column":12},"end":{"line":20,"column":59}},"14":{"start":{"line":21,"column":12},"end":{"line":21,"column":92}},"15":{"start":{"line":22,"column":12},"end":{"line":22,"column":60}},"16":{"start":{"line":23,"column":12},"end":{"line":23,"column":19}},"17":{"start":{"line":25,"column":8},"end":{"line":25,"column":47}},"18":{"start":{"line":26,"column":8},"end":{"line":26,"column":36}},"19":{"start":{"line":27,"column":8},"end":{"line":27,"column":135}},"20":{"start":{"line":28,"column":8},"end":{"line":28,"column":49}},"21":{"start":{"line":29,"column":8},"end":{"line":29,"column":51}},"22":{"start":{"line":30,"column":8},"end":{"line":30,"column":53}},"23":{"start":{"line":33,"column":8},"end":{"line":33,"column":76}},"24":{"start":{"line":33,"column":36},"end":{"line":33,"column":74}},"25":{"start":{"line":36,"column":0},"end":{"line":36,"column":18}}},"fnMap":{"0":{"name":"(anonymous_0)","decl":{"start":{"line":2,"column":56},"end":{"line":2,"column":57}},"loc":{"start":{"line":2,"column":71},"end":{"line":4,"column":1}},"line":2},"1":{"name":"(anonymous_1)","decl":{"start":{"line":12,"column":4},"end":{"line":12,"column":5}},"loc":{"start":{"line":12,"column":18},"end":{"line":17,"column":5}},"line":12},"2":{"name":"(anonymous_2)","decl":{"start":{"line":16,"column":26},"end":{"line":16,"column":27}},"loc":{"start":{"line":16,"column":40},"end":{"line":16,"column":62}},"line":16},"3":{"name":"(anonymous_3)","decl":{"start":{"line":18,"column":4},"end":{"line":18,"column":5}},"loc":{"start":{"line":18,"column":13},"end":{"line":31,"column":5}},"line":18},"4":{"name":"(anonymous_4)","decl":{"start":{"line":19,"column":30},"end":{"line":19,"column":31}},"loc":{"start":{"line":19,"column":51},"end":{"line":24,"column":9}},"line":19},"5":{"name":"(anonymous_5)","decl":{"start":{"line":32,"column":4},"end":{"line":32,"column":5}},"loc":{"start":{"line":32,"column":16},"end":{"line":34,"column":5}},"line":32},"6":{"name":"(anonymous_6)","decl":{"start":{"line":33,"column":30},"end":{"line":33,"column":31}},"loc":{"start":{"line":33,"column":36},"end":{"line":33,"column":74}},"line":33}},"branchMap":{"0":{"loc":{"start":{"line":2,"column":22},"end":{"line":4,"column":1}},"type":"binary-expr","locations":[{"start":{"line":2,"column":23},"end":{"line":2,"column":27}},{"start":{"line":2,"column":31},"end":{"line":2,"column":51}},{"start":{"line":2,"column":56},"end":{"line":4,"column":1}}],"line":2},"1":{"loc":{"start":{"line":3,"column":11},"end":{"line":3,"column":61}},"type":"cond-expr","locations":[{"start":{"line":3,"column":37},"end":{"line":3,"column":40}},{"start":{"line":3,"column":43},"end":{"line":3,"column":61}}],"line":3},"2":{"loc":{"start":{"line":3,"column":12},"end":{"line":3,"column":33}},"type":"binary-expr","locations":[{"start":{"line":3,"column":12},"end":{"line":3,"column":15}},{"start":{"line":3,"column":19},"end":{"line":3,"column":33}}],"line":3}},"s":{"0":1,"1":3,"2":1,"3":1,"4":1,"5":1,"6":1,"7":1,"8":1,"9":1,"10":1,"11":1,"12":1,"13":1,"14":1,"15":1,"16":1,"17":1,"18":1,"19":1,"20":1,"21":1,"22":1,"23":0,"24":0,"25":1},"f":{"0":3,"1":1,"2":1,"3":1,"4":1,"5":0,"6":0},"b":{"0":[1,1,1],"1":[0,3],"2":[3,3]},"inputSourceMap":{"version":3,"file":"/home/gabriel/finalTest/Restricted-CPF-API/src/app.ts","sources":["/home/gabriel/finalTest/Restricted-CPF-API/src/app.ts"],"names":[],"mappings":";;;;;;AAAA,sDAA8B;AAC9B,4EAA2C;AAC3C,kEAAwC;AACxC,qCAA8D;AAE9D,MAAM,GAAG;IAEL;QACI,IAAI,CAAC,GAAG,GAAG,IAAA,iBAAO,GAAE,CAAC;QAErB,IAAI,CAAC,MAAM,EAAE,CAAC;QAEd,wBAAwB;QACxB,IAAI,CAAC,GAAG,CAAC,GAAG,CAAC,GAAG,EAAE,CAAC,GAAG,EAAE,GAAG,EAAE,EAAE,CAAC,GAAG,CAAC,IAAI,CAAC,EAAE,EAAE,EAAE,IAAI,EAAE,CAAC,CAAC,CAAC;IAC5D,CAAC;IAEO,MAAM;QACV,MAAM,aAAa,GAA2B,CAAC,IAAI,EAAE,GAAG,EAAE,IAAI,EAAE,EAAE;YAC9D,GAAG,CAAC,MAAM,CAAC,6BAA6B,EAAE,GAAG,CAAC,CAAC;YAC/C,GAAG,CAAC,MAAM,CACN,8BAA8B,EAC9B,mCAAmC,CACtC,CAAC;YACF,GAAG,CAAC,MAAM,CAAC,8BAA8B,EAAE,GAAG,CAAC,CAAC;YAChD,IAAI,EAAE,CAAC;QACX,CAAC,CAAC;QACF,IAAI,CAAC,GAAG,CAAC,GAAG,CAAC,iBAAO,CAAC,IAAI,EAAE,CAAC,CAAC;QAC7B,IAAI,CAAC,GAAG,CAAC,GAAG,CAAC,aAAa,CAAC,CAAC;QAC5B,IAAI,CAAC,GAAG,CAAC,GAAG,CACR,gBAAgB,EAChB,4BAAS,CAAC,KAAK,EACf,4BAAS,CAAC,KAAK,CAAC,sBAAU,CAAC,CAC9B,CAAC;QACF,IAAI,CAAC,GAAG,CAAC,GAAG,CAAC,MAAM,EAAE,kBAAS,CAAC,CAAC;QAChC,IAAI,CAAC,GAAG,CAAC,GAAG,CAAC,OAAO,EAAE,mBAAU,CAAC,CAAC;QAClC,IAAI,CAAC,GAAG,CAAC,GAAG,CAAC,QAAQ,EAAE,oBAAW,CAAC,CAAC;IACxC,CAAC;IAEM,KAAK,CAAC,IAAqB;QAC9B,IAAI,CAAC,GAAG,CAAC,MAAM,CAAC,IAAI,EAAE,GAAG,EAAE,CAAC,OAAO,CAAC,GAAG,CAAC,mBAAmB,IAAI,EAAE,CAAC,CAAC,CAAC;IACxE,CAAC;CACJ;AAEQ,kBAAG","sourcesContent":["import express from 'express';\nimport swaggerUi from 'swagger-ui-express';\nimport swaggerDoc from './swagger.json';\nimport { CPFRoutes, UserRoutes, LoginRoutes } from './routes';\n\nclass App {\n    public app: express.Express;\n    constructor() {\n        this.app = express();\n\n        this.config();\n\n        // Não remover essa rota\n        this.app.get('/', (req, res) => res.json({ ok: true }));\n    }\n\n    private config(): void {\n        const accessControl: express.RequestHandler = (_req, res, next) => {\n            res.header('Access-Control-Allow-Origin', '*');\n            res.header(\n                'Access-Control-Allow-Methods',\n                'GET,POST,DELETE,OPTIONS,PUT,PATCH'\n            );\n            res.header('Access-Control-Allow-Headers', '*');\n            next();\n        };\n        this.app.use(express.json());\n        this.app.use(accessControl);\n        this.app.use(\n            '/documentation',\n            swaggerUi.serve,\n            swaggerUi.setup(swaggerDoc)\n        );\n        this.app.use('/cpf', CPFRoutes);\n        this.app.use('/user', UserRoutes);\n        this.app.use('/login', LoginRoutes);\n    }\n\n    public start(PORT: string | number): void {\n        this.app.listen(PORT, () => console.log(`Running on port ${PORT}`));\n    }\n}\n\nexport { App };\n"]},"_coverageSchema":"1a1c01bbd47fc00a2c39e90264f33305004495a9","hash":"00e044a1f335bac3918d82d2086c01b30a8f8d96"},"/home/gabriel/finalTest/Restricted-CPF-API/src/routes/index.ts":{"path":"/home/gabriel/finalTest/Restricted-CPF-API/src/routes/index.ts","statementMap":{"0":{"start":{"line":2,"column":22},"end":{"line":4,"column":1}},"1":{"start":{"line":3,"column":4},"end":{"line":3,"column":62}},"2":{"start":{"line":5,"column":0},"end":{"line":5,"column":62}},"3":{"start":{"line":6,"column":0},"end":{"line":6,"column":70}},"4":{"start":{"line":7,"column":21},"end":{"line":7,"column":61}},"5":{"start":{"line":8,"column":0},"end":{"line":8,"column":41}},"6":{"start":{"line":9,"column":22},"end":{"line":9,"column":63}},"7":{"start":{"line":10,"column":0},"end":{"line":10,"column":43}},"8":{"start":{"line":11,"column":23},"end":{"line":11,"column":65}},"9":{"start":{"line":12,"column":0},"end":{"line":12,"column":45}}},"fnMap":{"0":{"name":"(anonymous_0)","decl":{"start":{"line":2,"column":56},"end":{"line":2,"column":57}},"loc":{"start":{"line":2,"column":71},"end":{"line":4,"column":1}},"line":2}},"branchMap":{"0":{"loc":{"start":{"line":2,"column":22},"end":{"line":4,"column":1}},"type":"binary-expr","locations":[{"start":{"line":2,"column":23},"end":{"line":2,"column":27}},{"start":{"line":2,"column":31},"end":{"line":2,"column":51}},{"start":{"line":2,"column":56},"end":{"line":4,"column":1}}],"line":2},"1":{"loc":{"start":{"line":3,"column":11},"end":{"line":3,"column":61}},"type":"cond-expr","locations":[{"start":{"line":3,"column":37},"end":{"line":3,"column":40}},{"start":{"line":3,"column":43},"end":{"line":3,"column":61}}],"line":3},"2":{"loc":{"start":{"line":3,"column":12},"end":{"line":3,"column":33}},"type":"binary-expr","locations":[{"start":{"line":3,"column":12},"end":{"line":3,"column":15}},{"start":{"line":3,"column":19},"end":{"line":3,"column":33}}],"line":3}},"s":{"0":1,"1":3,"2":1,"3":1,"4":1,"5":1,"6":1,"7":1,"8":1,"9":1},"f":{"0":3},"b":{"0":[1,1,1],"1":[3,0],"2":[3,3]},"inputSourceMap":{"version":3,"file":"/home/gabriel/finalTest/Restricted-CPF-API/src/routes/index.ts","sources":["/home/gabriel/finalTest/Restricted-CPF-API/src/routes/index.ts"],"names":[],"mappings":";;;;;;AAAA,8DAAqC;AAI5B,oBAJF,oBAAS,CAIE;AAHlB,gEAAuC;AAGnB,qBAHb,qBAAU,CAGa;AAF9B,kEAAyC;AAET,sBAFzB,sBAAW,CAEyB","sourcesContent":["import CPFRoutes from './CPF.routes';\nimport UserRoutes from './user.routes';\nimport LoginRoutes from './login.routes';\n\nexport { CPFRoutes, UserRoutes, LoginRoutes };\n"]},"_coverageSchema":"1a1c01bbd47fc00a2c39e90264f33305004495a9","hash":"6c6ed0c7e20c5b27948b2cc816b62b2bb35a4f18"},"/home/gabriel/finalTest/Restricted-CPF-API/src/routes/CPF.routes.ts":{"path":"/home/gabriel/finalTest/Restricted-CPF-API/src/routes/CPF.routes.ts","statementMap":{"0":{"start":{"line":2,"column":22},"end":{"line":4,"column":1}},"1":{"start":{"line":3,"column":4},"end":{"line":3,"column":62}},"2":{"start":{"line":5,"column":0},"end":{"line":5,"column":62}},"3":{"start":{"line":6,"column":18},"end":{"line":6,"column":53}},"4":{"start":{"line":7,"column":22},"end":{"line":7,"column":47}},"5":{"start":{"line":8,"column":23},"end":{"line":8,"column":77}},"6":{"start":{"line":9,"column":15},"end":{"line":9,"column":55}},"7":{"start":{"line":10,"column":15},"end":{"line":10,"column":41}},"8":{"start":{"line":11,"column":0},"end":{"line":11,"column":164}},"9":{"start":{"line":12,"column":0},"end":{"line":12,"column":72}},"10":{"start":{"line":13,"column":0},"end":{"line":13,"column":190}},"11":{"start":{"line":14,"column":0},"end":{"line":14,"column":194}},"12":{"start":{"line":15,"column":0},"end":{"line":15,"column":25}}},"fnMap":{"0":{"name":"(anonymous_0)","decl":{"start":{"line":2,"column":56},"end":{"line":2,"column":57}},"loc":{"start":{"line":2,"column":71},"end":{"line":4,"column":1}},"line":2}},"branchMap":{"0":{"loc":{"start":{"line":2,"column":22},"end":{"line":4,"column":1}},"type":"binary-expr","locations":[{"start":{"line":2,"column":23},"end":{"line":2,"column":27}},{"start":{"line":2,"column":31},"end":{"line":2,"column":51}},{"start":{"line":2,"column":56},"end":{"line":4,"column":1}}],"line":2},"1":{"loc":{"start":{"line":3,"column":11},"end":{"line":3,"column":61}},"type":"cond-expr","locations":[{"start":{"line":3,"column":37},"end":{"line":3,"column":40}},{"start":{"line":3,"column":43},"end":{"line":3,"column":61}}],"line":3},"2":{"loc":{"start":{"line":3,"column":12},"end":{"line":3,"column":33}},"type":"binary-expr","locations":[{"start":{"line":3,"column":12},"end":{"line":3,"column":15}},{"start":{"line":3,"column":19},"end":{"line":3,"column":33}}],"line":3}},"s":{"0":1,"1":3,"2":1,"3":1,"4":1,"5":1,"6":1,"7":1,"8":1,"9":1,"10":1,"11":1,"12":1},"f":{"0":3},"b":{"0":[1,1,1],"1":[2,1],"2":[3,3]},"inputSourceMap":{"version":3,"file":"/home/gabriel/finalTest/Restricted-CPF-API/src/routes/CPF.routes.ts","sources":["/home/gabriel/finalTest/Restricted-CPF-API/src/routes/CPF.routes.ts"],"names":[],"mappings":";;;;;AAAA,sDAA8B;AAC9B,gDAA+C;AAC/C,8EAAqD;AACrD,wDAA0C;AAE1C,MAAM,MAAM,GAAG,iBAAO,CAAC,MAAM,EAAE,CAAC;AAEhC,MAAM,CAAC,GAAG,CACN,OAAO,EACP,sBAAW,CAAC,uBAAuB,EACnC,sBAAW,CAAC,eAAe,EAC3B,2BAAa,CAAC,0BAA0B,CAC3C,CAAC;AAEF,MAAM,CAAC,GAAG,CAAC,GAAG,EAAE,2BAAa,CAAC,0BAA0B,CAAC,CAAC;AAE1D,MAAM,CAAC,IAAI,CACP,GAAG,EACH,cAAc,CAAC,WAAW,EAC1B,sBAAW,CAAC,qBAAqB,EACjC,sBAAW,CAAC,sBAAsB,EAClC,2BAAa,CAAC,sBAAsB,CACvC,CAAC;AAEF,MAAM,CAAC,MAAM,CACT,OAAO,EACP,cAAc,CAAC,WAAW,EAC1B,sBAAW,CAAC,uBAAuB,EACnC,sBAAW,CAAC,eAAe,EAC3B,2BAAa,CAAC,yBAAyB,CAC1C,CAAC;AAEF,kBAAe,MAAM,CAAC","sourcesContent":["import express from 'express';\nimport { CPFController } from '../controllers';\nimport CPFValidate from '../middleware/cpf.validate';\nimport AuthMiddleware from '../auth/auth';\n\nconst router = express.Router();\n\nrouter.get(\n    '/:cpf',\n    CPFValidate.CPFParamsFormatValidate,\n    CPFValidate.checkIfCPFExist,\n    CPFController.findOneCPFOnRestrictedList\n);\n\nrouter.get('/', CPFController.findAllCPFOnRestrictedList);\n\nrouter.post(\n    '/',\n    AuthMiddleware.tokenHandle,\n    CPFValidate.CPFBodyFormatValidate,\n    CPFValidate.checkIfCPFAlreadyExist,\n    CPFController.addCPFToRestrictedList\n);\n\nrouter.delete(\n    '/:cpf',\n    AuthMiddleware.tokenHandle,\n    CPFValidate.CPFParamsFormatValidate,\n    CPFValidate.checkIfCPFExist,\n    CPFController.deleteCPFOnRestrictedList\n);\n\nexport default router;\n"]},"_coverageSchema":"1a1c01bbd47fc00a2c39e90264f33305004495a9","hash":"3a13d0f571613268fdc137bf12f1b829aa127774"},"/home/gabriel/finalTest/Restricted-CPF-API/src/controllers/index.ts":{"path":"/home/gabriel/finalTest/Restricted-CPF-API/src/controllers/index.ts","statementMap":{"0":{"start":{"line":2,"column":22},"end":{"line":4,"column":1}},"1":{"start":{"line":3,"column":4},"end":{"line":3,"column":62}},"2":{"start":{"line":5,"column":0},"end":{"line":5,"column":62}},"3":{"start":{"line":6,"column":0},"end":{"line":6,"column":82}},"4":{"start":{"line":7,"column":25},"end":{"line":7,"column":69}},"5":{"start":{"line":8,"column":0},"end":{"line":8,"column":49}},"6":{"start":{"line":9,"column":27},"end":{"line":9,"column":73}},"7":{"start":{"line":10,"column":0},"end":{"line":10,"column":53}},"8":{"start":{"line":11,"column":26},"end":{"line":11,"column":71}},"9":{"start":{"line":12,"column":0},"end":{"line":12,"column":51}}},"fnMap":{"0":{"name":"(anonymous_0)","decl":{"start":{"line":2,"column":56},"end":{"line":2,"column":57}},"loc":{"start":{"line":2,"column":71},"end":{"line":4,"column":1}},"line":2}},"branchMap":{"0":{"loc":{"start":{"line":2,"column":22},"end":{"line":4,"column":1}},"type":"binary-expr","locations":[{"start":{"line":2,"column":23},"end":{"line":2,"column":27}},{"start":{"line":2,"column":31},"end":{"line":2,"column":51}},{"start":{"line":2,"column":56},"end":{"line":4,"column":1}}],"line":2},"1":{"loc":{"start":{"line":3,"column":11},"end":{"line":3,"column":61}},"type":"cond-expr","locations":[{"start":{"line":3,"column":37},"end":{"line":3,"column":40}},{"start":{"line":3,"column":43},"end":{"line":3,"column":61}}],"line":3},"2":{"loc":{"start":{"line":3,"column":12},"end":{"line":3,"column":33}},"type":"binary-expr","locations":[{"start":{"line":3,"column":12},"end":{"line":3,"column":15}},{"start":{"line":3,"column":19},"end":{"line":3,"column":33}}],"line":3}},"s":{"0":1,"1":3,"2":1,"3":1,"4":1,"5":1,"6":1,"7":1,"8":1,"9":1},"f":{"0":3},"b":{"0":[1,1,1],"1":[3,0],"2":[3,3]},"inputSourceMap":{"version":3,"file":"/home/gabriel/finalTest/Restricted-CPF-API/src/controllers/index.ts","sources":["/home/gabriel/finalTest/Restricted-CPF-API/src/controllers/index.ts"],"names":[],"mappings":";;;;;;AAAA,sEAA6C;AAIpC,wBAJF,wBAAa,CAIE;AAHtB,0EAAiD;AAGzB,0BAHjB,0BAAe,CAGiB;AAFvC,wEAA+C;AAEN,yBAFlC,yBAAc,CAEkC","sourcesContent":["import CPFController from './cpf.controller';\nimport LoginController from './login.controller';\nimport UserController from './user.controller';\n\nexport { CPFController, LoginController, UserController };\n"]},"_coverageSchema":"1a1c01bbd47fc00a2c39e90264f33305004495a9","hash":"a5cec897c7307925a396a02018fdebf3138b767e"},"/home/gabriel/finalTest/Restricted-CPF-API/src/controllers/cpf.controller.ts":{"path":"/home/gabriel/finalTest/Restricted-CPF-API/src/controllers/cpf.controller.ts","statementMap":{"0":{"start":{"line":3,"column":0},"end":{"line":3,"column":62}},"1":{"start":{"line":4,"column":19},"end":{"line":4,"column":41}},"2":{"start":{"line":7,"column":0},"end":{"line":7,"column":32}},"3":{"start":{"line":8,"column":0},"end":{"line":8,"column":19}},"4":{"start":{"line":9,"column":0},"end":{"line":18,"column":2}},"5":{"start":{"line":10,"column":4},"end":{"line":17,"column":5}},"6":{"start":{"line":11,"column":24},"end":{"line":11,"column":32}},"7":{"start":{"line":12,"column":8},"end":{"line":12,"column":49}},"8":{"start":{"line":13,"column":8},"end":{"line":13,"column":38}},"9":{"start":{"line":16,"column":8},"end":{"line":16,"column":51}},"10":{"start":{"line":19,"column":0},"end":{"line":28,"column":2}},"11":{"start":{"line":20,"column":4},"end":{"line":27,"column":5}},"12":{"start":{"line":21,"column":23},"end":{"line":21,"column":33}},"13":{"start":{"line":22,"column":26},"end":{"line":22,"column":77}},"14":{"start":{"line":23,"column":8},"end":{"line":23,"column":47}},"15":{"start":{"line":26,"column":8},"end":{"line":26,"column":51}},"16":{"start":{"line":29,"column":0},"end":{"line":37,"column":2}},"17":{"start":{"line":30,"column":4},"end":{"line":36,"column":5}},"18":{"start":{"line":31,"column":26},"end":{"line":31,"column":67}},"19":{"start":{"line":32,"column":8},"end":{"line":32,"column":47}},"20":{"start":{"line":35,"column":8},"end":{"line":35,"column":51}},"21":{"start":{"line":38,"column":0},"end":{"line":47,"column":2}},"22":{"start":{"line":39,"column":4},"end":{"line":46,"column":5}},"23":{"start":{"line":40,"column":23},"end":{"line":40,"column":33}},"24":{"start":{"line":41,"column":8},"end":{"line":41,"column":59}},"25":{"start":{"line":42,"column":8},"end":{"line":42,"column":38}},"26":{"start":{"line":45,"column":8},"end":{"line":45,"column":51}}},"fnMap":{"0":{"name":"(anonymous_0)","decl":{"start":{"line":9,"column":39},"end":{"line":9,"column":40}},"loc":{"start":{"line":9,"column":59},"end":{"line":18,"column":1}},"line":9},"1":{"name":"(anonymous_1)","decl":{"start":{"line":19,"column":43},"end":{"line":19,"column":44}},"loc":{"start":{"line":19,"column":63},"end":{"line":28,"column":1}},"line":19},"2":{"name":"(anonymous_2)","decl":{"start":{"line":29,"column":43},"end":{"line":29,"column":44}},"loc":{"start":{"line":29,"column":63},"end":{"line":37,"column":1}},"line":29},"3":{"name":"(anonymous_3)","decl":{"start":{"line":38,"column":42},"end":{"line":38,"column":43}},"loc":{"start":{"line":38,"column":62},"end":{"line":47,"column":1}},"line":38}},"branchMap":{},"s":{"0":1,"1":1,"2":1,"3":1,"4":1,"5":2,"6":2,"7":2,"8":1,"9":1,"10":1,"11":2,"12":2,"13":2,"14":1,"15":1,"16":1,"17":2,"18":2,"19":1,"20":1,"21":1,"22":2,"23":2,"24":2,"25":1,"26":1},"f":{"0":2,"1":2,"2":2,"3":2},"b":{},"inputSourceMap":{"version":3,"file":"/home/gabriel/finalTest/Restricted-CPF-API/src/controllers/cpf.controller.ts","sources":["/home/gabriel/finalTest/Restricted-CPF-API/src/controllers/cpf.controller.ts"],"names":[],"mappings":";;;AACA,0CAA0C;AAE1C,MAAqB,aAAa;;AAAlC,gCA4CC;;AA3CiB,oCAAsB,GAAG,KAAK,EAAE,GAAY,EAAE,GAAa,EAAE,EAAE;IACzE,IAAI;QACA,MAAM,EAAE,GAAG,EAAE,GAAG,GAAG,CAAC,IAAI,CAAC;QAEzB,MAAM,sBAAW,CAAC,MAAM,CAAC,GAAG,CAAC,CAAC;QAE9B,OAAO,GAAG,CAAC,MAAM,CAAC,GAAG,CAAC,CAAC,IAAI,EAAE,CAAC;KACjC;IAAC,OAAO,KAAK,EAAE;QACZ,OAAO,GAAG,CAAC,MAAM,CAAC,GAAG,CAAC,CAAC,IAAI,CAAC,KAAK,CAAC,OAAO,CAAC,CAAC;KAC9C;AACL,CAAC,CAAC;AAEY,wCAA0B,GAAG,KAAK,EAAE,GAAY,EAAE,GAAa,EAAE,EAAE;IAC7E,IAAI;QACA,MAAM,MAAM,GAAG,GAAG,CAAC,MAAM,CAAC;QAE1B,MAAM,SAAS,GAAG,MAAM,sBAAW,CAAC,UAAU,CAAC,MAAM,CAAC,GAAG,CAAC,CAAC;QAE3D,OAAO,GAAG,CAAC,MAAM,CAAC,GAAG,CAAC,CAAC,IAAI,CAAC,SAAS,CAAC,CAAC;KAC1C;IAAC,OAAO,KAAK,EAAE;QACZ,OAAO,GAAG,CAAC,MAAM,CAAC,GAAG,CAAC,CAAC,IAAI,CAAC,KAAK,CAAC,OAAO,CAAC,CAAC;KAC9C;AACL,CAAC,CAAC;AAEY,wCAA0B,GAAG,KAAK,EAAE,GAAY,EAAE,GAAa,EAAE,EAAE;IAC7E,IAAI;QACA,MAAM,SAAS,GAAG,MAAM,sBAAW,CAAC,UAAU,EAAE,CAAC;QAEjD,OAAO,GAAG,CAAC,MAAM,CAAC,GAAG,CAAC,CAAC,IAAI,CAAC,SAAS,CAAC,CAAC;KAC1C;IAAC,OAAO,KAAK,EAAE;QACZ,OAAO,GAAG,CAAC,MAAM,CAAC,GAAG,CAAC,CAAC,IAAI,CAAC,KAAK,CAAC,OAAO,CAAC,CAAC;KAC9C;AACL,CAAC,CAAC;AAEY,uCAAyB,GAAG,KAAK,EAAE,GAAY,EAAE,GAAa,EAAE,EAAE;IAC5E,IAAI;QACA,MAAM,MAAM,GAAG,GAAG,CAAC,MAAM,CAAC;QAC1B,MAAM,sBAAW,CAAC,SAAS,CAAC,MAAM,CAAC,GAAG,CAAC,CAAC;QACxC,OAAO,GAAG,CAAC,MAAM,CAAC,GAAG,CAAC,CAAC,IAAI,EAAE,CAAC;KACjC;IAAC,OAAO,KAAK,EAAE;QACZ,OAAO,GAAG,CAAC,MAAM,CAAC,GAAG,CAAC,CAAC,IAAI,CAAC,KAAK,CAAC,OAAO,CAAC,CAAC;KAC9C;AACL,CAAC,CAAC","sourcesContent":["import { Request, Response } from 'express';\nimport { CPFServices } from '../services';\n\nexport default class CPFController {\n    public static addCPFToRestrictedList = async (req: Request, res: Response) => {\n        try {\n            const { cpf } = req.body;\n\n            await CPFServices.addCPF(cpf);\n\n            return res.status(201).json();\n        } catch (error) {\n            return res.status(500).json(error.message);\n        }\n    };\n\n    public static findOneCPFOnRestrictedList = async (req: Request, res: Response) => {\n        try {\n            const params = req.params;\n\n            const CPFresult = await CPFServices.findOneCPF(params.cpf);\n\n            return res.status(200).json(CPFresult);\n        } catch (error) {\n            return res.status(500).json(error.message);\n        }\n    };\n\n    public static findAllCPFOnRestrictedList = async (req: Request, res: Response) => {\n        try {\n            const CPFresult = await CPFServices.findAllCPF();\n\n            return res.status(200).json(CPFresult);\n        } catch (error) {\n            return res.status(500).json(error.message);\n        }\n    };\n\n    public static deleteCPFOnRestrictedList = async (req: Request, res: Response) => {\n        try {\n            const params = req.params;\n            await CPFServices.deleteCPF(params.cpf);\n            return res.status(204).json();\n        } catch (error) {\n            return res.status(500).json(error.message);\n        }\n    };\n}\n"]},"_coverageSchema":"1a1c01bbd47fc00a2c39e90264f33305004495a9","hash":"b410a0381ef9dd2db99c76aee457ce0b96b107a4"},"/home/gabriel/finalTest/Restricted-CPF-API/src/services/index.ts":{"path":"/home/gabriel/finalTest/Restricted-CPF-API/src/services/index.ts","statementMap":{"0":{"start":{"line":2,"column":22},"end":{"line":4,"column":1}},"1":{"start":{"line":3,"column":4},"end":{"line":3,"column":62}},"2":{"start":{"line":5,"column":0},"end":{"line":5,"column":62}},"3":{"start":{"line":6,"column":0},"end":{"line":6,"column":52}},"4":{"start":{"line":7,"column":23},"end":{"line":7,"column":69}},"5":{"start":{"line":8,"column":0},"end":{"line":8,"column":45}},"6":{"start":{"line":9,"column":25},"end":{"line":9,"column":74}},"7":{"start":{"line":10,"column":0},"end":{"line":10,"column":48}}},"fnMap":{"0":{"name":"(anonymous_0)","decl":{"start":{"line":2,"column":56},"end":{"line":2,"column":57}},"loc":{"start":{"line":2,"column":71},"end":{"line":4,"column":1}},"line":2}},"branchMap":{"0":{"loc":{"start":{"line":2,"column":22},"end":{"line":4,"column":1}},"type":"binary-expr","locations":[{"start":{"line":2,"column":23},"end":{"line":2,"column":27}},{"start":{"line":2,"column":31},"end":{"line":2,"column":51}},{"start":{"line":2,"column":56},"end":{"line":4,"column":1}}],"line":2},"1":{"loc":{"start":{"line":3,"column":11},"end":{"line":3,"column":61}},"type":"cond-expr","locations":[{"start":{"line":3,"column":37},"end":{"line":3,"column":40}},{"start":{"line":3,"column":43},"end":{"line":3,"column":61}}],"line":3},"2":{"loc":{"start":{"line":3,"column":12},"end":{"line":3,"column":33}},"type":"binary-expr","locations":[{"start":{"line":3,"column":12},"end":{"line":3,"column":15}},{"start":{"line":3,"column":19},"end":{"line":3,"column":33}}],"line":3}},"s":{"0":1,"1":2,"2":1,"3":1,"4":1,"5":1,"6":1,"7":1},"f":{"0":2},"b":{"0":[1,1,1],"1":[2,0],"2":[2,2]},"inputSourceMap":{"version":3,"file":"/home/gabriel/finalTest/Restricted-CPF-API/src/services/index.ts","sources":["/home/gabriel/finalTest/Restricted-CPF-API/src/services/index.ts"],"names":[],"mappings":";;;;;;AAAA,sEAA6C;AAGpC,sBAHF,sBAAW,CAGE;AAFpB,2EAAiD;AAE3B,uBAFf,wBAAY,CAEe","sourcesContent":["import CPFServices from './CPF/cpf.services';\nimport UserServices from './user/users.services';\n\nexport { CPFServices, UserServices };\n"]},"_coverageSchema":"1a1c01bbd47fc00a2c39e90264f33305004495a9","hash":"da8aba946feac5d753be2c2c36865626dca6e4af"},"/home/gabriel/finalTest/Restricted-CPF-API/src/services/CPF/cpf.services.ts":{"path":"/home/gabriel/finalTest/Restricted-CPF-API/src/services/CPF/cpf.services.ts","statementMap":{"0":{"start":{"line":2,"column":22},"end":{"line":4,"column":1}},"1":{"start":{"line":3,"column":4},"end":{"line":3,"column":62}},"2":{"start":{"line":6,"column":0},"end":{"line":6,"column":62}},"3":{"start":{"line":7,"column":20},"end":{"line":7,"column":79}},"4":{"start":{"line":10,"column":0},"end":{"line":10,"column":29}},"5":{"start":{"line":11,"column":0},"end":{"line":11,"column":16}},"6":{"start":{"line":12,"column":0},"end":{"line":20,"column":2}},"7":{"start":{"line":13,"column":4},"end":{"line":19,"column":5}},"8":{"start":{"line":14,"column":23},"end":{"line":14,"column":64}},"9":{"start":{"line":15,"column":8},"end":{"line":15,"column":22}},"10":{"start":{"line":18,"column":8},"end":{"line":18,"column":29}},"11":{"start":{"line":21,"column":0},"end":{"line":32,"column":2}},"12":{"start":{"line":22,"column":4},"end":{"line":31,"column":5}},"13":{"start":{"line":23,"column":24},"end":{"line":26,"column":10}},"14":{"start":{"line":27,"column":8},"end":{"line":27,"column":23}},"15":{"start":{"line":30,"column":8},"end":{"line":30,"column":29}},"16":{"start":{"line":33,"column":0},"end":{"line":43,"column":2}},"17":{"start":{"line":34,"column":4},"end":{"line":42,"column":5}},"18":{"start":{"line":35,"column":27},"end":{"line":37,"column":10}},"19":{"start":{"line":38,"column":8},"end":{"line":38,"column":26}},"20":{"start":{"line":41,"column":8},"end":{"line":41,"column":29}},"21":{"start":{"line":44,"column":0},"end":{"line":52,"column":2}},"22":{"start":{"line":45,"column":4},"end":{"line":51,"column":5}},"23":{"start":{"line":46,"column":26},"end":{"line":46,"column":79}},"24":{"start":{"line":47,"column":8},"end":{"line":47,"column":25}},"25":{"start":{"line":50,"column":8},"end":{"line":50,"column":29}}},"fnMap":{"0":{"name":"(anonymous_0)","decl":{"start":{"line":2,"column":56},"end":{"line":2,"column":57}},"loc":{"start":{"line":2,"column":71},"end":{"line":4,"column":1}},"line":2},"1":{"name":"(anonymous_1)","decl":{"start":{"line":12,"column":20},"end":{"line":12,"column":21}},"loc":{"start":{"line":12,"column":35},"end":{"line":20,"column":1}},"line":12},"2":{"name":"(anonymous_2)","decl":{"start":{"line":21,"column":24},"end":{"line":21,"column":25}},"loc":{"start":{"line":21,"column":45},"end":{"line":32,"column":1}},"line":21},"3":{"name":"(anonymous_3)","decl":{"start":{"line":33,"column":24},"end":{"line":33,"column":25}},"loc":{"start":{"line":33,"column":36},"end":{"line":43,"column":1}},"line":33},"4":{"name":"(anonymous_4)","decl":{"start":{"line":44,"column":23},"end":{"line":44,"column":24}},"loc":{"start":{"line":44,"column":38},"end":{"line":52,"column":1}},"line":44}},"branchMap":{"0":{"loc":{"start":{"line":2,"column":22},"end":{"line":4,"column":1}},"type":"binary-expr","locations":[{"start":{"line":2,"column":23},"end":{"line":2,"column":27}},{"start":{"line":2,"column":31},"end":{"line":2,"column":51}},{"start":{"line":2,"column":56},"end":{"line":4,"column":1}}],"line":2},"1":{"loc":{"start":{"line":3,"column":11},"end":{"line":3,"column":61}},"type":"cond-expr","locations":[{"start":{"line":3,"column":37},"end":{"line":3,"column":40}},{"start":{"line":3,"column":43},"end":{"line":3,"column":61}}],"line":3},"2":{"loc":{"start":{"line":3,"column":12},"end":{"line":3,"column":33}},"type":"binary-expr","locations":[{"start":{"line":3,"column":12},"end":{"line":3,"column":15}},{"start":{"line":3,"column":19},"end":{"line":3,"column":33}}],"line":3}},"s":{"0":1,"1":1,"2":1,"3":1,"4":1,"5":1,"6":1,"7":2,"8":2,"9":1,"10":1,"11":1,"12":3,"13":3,"14":2,"15":1,"16":1,"17":3,"18":3,"19":2,"20":1,"21":1,"22":3,"23":3,"24":2,"25":1},"f":{"0":1,"1":2,"2":3,"3":3,"4":3},"b":{"0":[1,1,1],"1":[1,0],"2":[1,1]},"inputSourceMap":{"version":3,"file":"/home/gabriel/finalTest/Restricted-CPF-API/src/services/CPF/cpf.services.ts","sources":["/home/gabriel/finalTest/Restricted-CPF-API/src/services/CPF/cpf.services.ts"],"names":[],"mappings":";;;;;;AAAA,gFAAuD;AAGvD,MAAqB,UAAU;;AAA/B,6BA0CC;;AAzCiB,iBAAM,GAAG,KAAK,EAAE,GAAW,EAAwB,EAAE;IAC/D,IAAI;QACA,MAAM,MAAM,GAAG,MAAM,mBAAQ,CAAC,MAAM,CAAC,EAAE,GAAG,EAAE,CAAC,CAAC;QAC9C,OAAO,MAAM,CAAC;KACjB;IAAC,OAAO,KAAK,EAAE;QACZ,OAAO,KAAK,CAAC,OAAO,CAAC;KACxB;AACL,CAAC,CAAC;AAEY,qBAAU,GAAG,KAAK,EAAE,SAAiB,EAAwB,EAAE;IACzE,IAAI;QACA,MAAM,OAAO,GAAG,MAAM,mBAAQ,CAAC,OAAO,CAAC;YACnC,UAAU,EAAE,CAAC,KAAK,EAAE,WAAW,CAAC;YAChC,KAAK,EAAE,EAAE,GAAG,EAAE,SAAS,EAAE;SAC5B,CAAC,CAAC;QAEH,OAAO,OAAO,CAAC;KAClB;IAAC,OAAO,KAAK,EAAE;QACZ,OAAO,KAAK,CAAC,OAAO,CAAC;KACxB;AACL,CAAC,CAAC;AAEY,qBAAU,GAAG,KAAK,IAA4B,EAAE;IAC1D,IAAI;QACA,MAAM,UAAU,GAAG,MAAM,mBAAQ,CAAC,OAAO,CAAC;YACtC,UAAU,EAAE,CAAC,KAAK,EAAE,WAAW,CAAC;SACnC,CAAC,CAAC;QACH,OAAO,UAAU,CAAC;KACrB;IAAC,OAAO,KAAK,EAAE;QACZ,OAAO,KAAK,CAAC,OAAO,CAAC;KACxB;AACL,CAAC,CAAC;AAEY,oBAAS,GAAG,KAAK,EAAE,GAAW,EAAE,EAAE;IAC5C,IAAI;QACA,MAAM,SAAS,GAAG,MAAM,mBAAQ,CAAC,OAAO,CAAC,EAAE,KAAK,EAAE,EAAE,GAAG,EAAE,EAAE,CAAC,CAAC;QAC7D,OAAO,SAAS,CAAC;KACpB;IAAC,OAAO,KAAK,EAAE;QACZ,OAAO,KAAK,CAAC,OAAO,CAAC;KACxB;AACL,CAAC,CAAC","sourcesContent":["import CPFModel from '../../database/models/cpf.model';\nimport { CPFresponse } from '../../types/types';\n\nexport default class CPFService {\n    public static addCPF = async (cpf: string): Promise<CPFresponse> => {\n        try {\n            const newCPF = await CPFModel.create({ cpf });\n            return newCPF;\n        } catch (error) {\n            return error.message;\n        }\n    };\n\n    public static findOneCPF = async (cpfNumber: string): Promise<CPFresponse> => {\n        try {\n            const findCPF = await CPFModel.findOne({\n                attributes: ['cpf', 'createdAt'],\n                where: { cpf: cpfNumber },\n            });\n\n            return findCPF;\n        } catch (error) {\n            return error.message;\n        }\n    };\n\n    public static findAllCPF = async (): Promise<CPFresponse[]> => {\n        try {\n            const findAllCPF = await CPFModel.findAll({\n                attributes: ['cpf', 'createdAt'],\n            });\n            return findAllCPF;\n        } catch (error) {\n            return error.message;\n        }\n    };\n\n    public static deleteCPF = async (cpf: string) => {\n        try {\n            const deleteCPF = await CPFModel.destroy({ where: { cpf } });\n            return deleteCPF;\n        } catch (error) {\n            return error.message;\n        }\n    };\n}\n"]},"_coverageSchema":"1a1c01bbd47fc00a2c39e90264f33305004495a9","hash":"fed4ffc85ccb07f0b115352171649c298d0a9134"},"/home/gabriel/finalTest/Restricted-CPF-API/src/database/models/cpf.model.ts":{"path":"/home/gabriel/finalTest/Restricted-CPF-API/src/database/models/cpf.model.ts","statementMap":{"0":{"start":{"line":2,"column":22},"end":{"line":4,"column":1}},"1":{"start":{"line":3,"column":4},"end":{"line":3,"column":62}},"2":{"start":{"line":5,"column":0},"end":{"line":5,"column":62}},"3":{"start":{"line":6,"column":20},"end":{"line":6,"column":40}},"4":{"start":{"line":7,"column":16},"end":{"line":7,"column":51}},"5":{"start":{"line":10,"column":0},"end":{"line":27,"column":3}},"6":{"start":{"line":28,"column":0},"end":{"line":28,"column":22}}},"fnMap":{"0":{"name":"(anonymous_0)","decl":{"start":{"line":2,"column":56},"end":{"line":2,"column":57}},"loc":{"start":{"line":2,"column":71},"end":{"line":4,"column":1}},"line":2}},"branchMap":{"0":{"loc":{"start":{"line":2,"column":22},"end":{"line":4,"column":1}},"type":"binary-expr","locations":[{"start":{"line":2,"column":23},"end":{"line":2,"column":27}},{"start":{"line":2,"column":31},"end":{"line":2,"column":51}},{"start":{"line":2,"column":56},"end":{"line":4,"column":1}}],"line":2},"1":{"loc":{"start":{"line":3,"column":11},"end":{"line":3,"column":61}},"type":"cond-expr","locations":[{"start":{"line":3,"column":37},"end":{"line":3,"column":40}},{"start":{"line":3,"column":43},"end":{"line":3,"column":61}}],"line":3},"2":{"loc":{"start":{"line":3,"column":12},"end":{"line":3,"column":33}},"type":"binary-expr","locations":[{"start":{"line":3,"column":12},"end":{"line":3,"column":15}},{"start":{"line":3,"column":19},"end":{"line":3,"column":33}}],"line":3}},"s":{"0":1,"1":1,"2":1,"3":1,"4":1,"5":1,"6":1},"f":{"0":1},"b":{"0":[1,1,1],"1":[1,0],"2":[1,1]},"inputSourceMap":{"version":3,"file":"/home/gabriel/finalTest/Restricted-CPF-API/src/database/models/cpf.model.ts","sources":["/home/gabriel/finalTest/Restricted-CPF-API/src/database/models/cpf.model.ts"],"names":[],"mappings":";;;;;AAAA,yCAA6C;AAC7C,oDAAyB;AAEzB,MAAM,GAAI,SAAQ,iBAAK;CAKtB;AAED,GAAG,CAAC,IAAI,CAAC;IACL,EAAE,EAAE;QACA,SAAS,EAAE,KAAK;QAChB,aAAa,EAAE,IAAI;QACnB,UAAU,EAAE,IAAI;QAChB,IAAI,EAAE,qBAAS,CAAC,OAAO;KAC1B;IACD,GAAG,EAAE;QACD,IAAI,EAAE,qBAAS,CAAC,MAAM;QACtB,SAAS,EAAE,KAAK;KACnB;CACJ,EAAE;IACC,SAAS,EAAE,eAAE;IACb,SAAS,EAAE,IAAI;IACf,SAAS,EAAE,IAAI;IACf,SAAS,EAAE,KAAK;IAChB,SAAS,EAAE,KAAK;CACnB,CAAC,CAAC;AAEH,kBAAe,GAAG,CAAC","sourcesContent":["import { DataTypes, Model } from 'sequelize';\nimport db from './index';\n\nclass CPF extends Model {\n    public id!: number;\n    public cpf!: string;\n    public createdAt!: Date;\n    public updatedAt!: Date;\n}\n\nCPF.init({\n    id: {\n        allowNull: false,\n        autoIncrement: true,\n        primaryKey: true,\n        type: DataTypes.INTEGER,\n    },\n    cpf: {\n        type: DataTypes.STRING,\n        allowNull: false,\n    },\n}, {\n    sequelize: db,\n    createdAt: true,\n    updatedAt: true,\n    modelName: 'cpf',\n    tableName: 'cpf',\n});\n\nexport default CPF;"]},"_coverageSchema":"1a1c01bbd47fc00a2c39e90264f33305004495a9","hash":"157ce8ae27d12ed670400212ed1d448102071b7c"},"/home/gabriel/finalTest/Restricted-CPF-API/src/database/models/index.ts":{"path":"/home/gabriel/finalTest/Restricted-CPF-API/src/database/models/index.ts","statementMap":{"0":{"start":{"line":2,"column":22},"end":{"line":12,"column":3}},"1":{"start":{"line":3,"column":4},"end":{"line":3,"column":33}},"2":{"start":{"line":3,"column":26},"end":{"line":3,"column":33}},"3":{"start":{"line":4,"column":15},"end":{"line":4,"column":52}},"4":{"start":{"line":5,"column":4},"end":{"line":7,"column":5}},"5":{"start":{"line":6,"column":6},"end":{"line":6,"column":68}},"6":{"start":{"line":6,"column":51},"end":{"line":6,"column":63}},"7":{"start":{"line":8,"column":4},"end":{"line":8,"column":39}},"8":{"start":{"line":10,"column":4},"end":{"line":10,"column":33}},"9":{"start":{"line":10,"column":26},"end":{"line":10,"column":33}},"10":{"start":{"line":11,"column":4},"end":{"line":11,"column":17}},"11":{"start":{"line":13,"column":25},"end":{"line":17,"column":2}},"12":{"start":{"line":14,"column":4},"end":{"line":14,"column":72}},"13":{"start":{"line":16,"column":4},"end":{"line":16,"column":21}},"14":{"start":{"line":18,"column":19},"end":{"line":24,"column":1}},"15":{"start":{"line":19,"column":4},"end":{"line":19,"column":42}},"16":{"start":{"line":19,"column":31},"end":{"line":19,"column":42}},"17":{"start":{"line":20,"column":17},"end":{"line":20,"column":19}},"18":{"start":{"line":21,"column":4},"end":{"line":21,"column":141}},"19":{"start":{"line":21,"column":21},"end":{"line":21,"column":141}},"20":{"start":{"line":21,"column":40},"end":{"line":21,"column":141}},"21":{"start":{"line":21,"column":109},"end":{"line":21,"column":141}},"22":{"start":{"line":22,"column":4},"end":{"line":22,"column":36}},"23":{"start":{"line":23,"column":4},"end":{"line":23,"column":18}},"24":{"start":{"line":25,"column":0},"end":{"line":25,"column":62}},"25":{"start":{"line":26,"column":20},"end":{"line":26,"column":40}},"26":{"start":{"line":27,"column":15},"end":{"line":27,"column":58}},"27":{"start":{"line":28,"column":0},"end":{"line":28,"column":52}}},"fnMap":{"0":{"name":"(anonymous_0)","decl":{"start":{"line":2,"column":74},"end":{"line":2,"column":75}},"loc":{"start":{"line":2,"column":96},"end":{"line":9,"column":1}},"line":2},"1":{"name":"(anonymous_1)","decl":{"start":{"line":6,"column":38},"end":{"line":6,"column":39}},"loc":{"start":{"line":6,"column":49},"end":{"line":6,"column":65}},"line":6},"2":{"name":"(anonymous_2)","decl":{"start":{"line":9,"column":6},"end":{"line":9,"column":7}},"loc":{"start":{"line":9,"column":28},"end":{"line":12,"column":1}},"line":9},"3":{"name":"(anonymous_3)","decl":{"start":{"line":13,"column":80},"end":{"line":13,"column":81}},"loc":{"start":{"line":13,"column":95},"end":{"line":15,"column":1}},"line":13},"4":{"name":"(anonymous_4)","decl":{"start":{"line":15,"column":5},"end":{"line":15,"column":6}},"loc":{"start":{"line":15,"column":20},"end":{"line":17,"column":1}},"line":15},"5":{"name":"(anonymous_5)","decl":{"start":{"line":18,"column":50},"end":{"line":18,"column":51}},"loc":{"start":{"line":18,"column":65},"end":{"line":24,"column":1}},"line":18}},"branchMap":{"0":{"loc":{"start":{"line":2,"column":22},"end":{"line":12,"column":3}},"type":"binary-expr","locations":[{"start":{"line":2,"column":23},"end":{"line":2,"column":27}},{"start":{"line":2,"column":31},"end":{"line":2,"column":51}},{"start":{"line":2,"column":57},"end":{"line":12,"column":2}}],"line":2},"1":{"loc":{"start":{"line":2,"column":57},"end":{"line":12,"column":2}},"type":"cond-expr","locations":[{"start":{"line":2,"column":74},"end":{"line":9,"column":1}},{"start":{"line":9,"column":6},"end":{"line":12,"column":1}}],"line":2},"2":{"loc":{"start":{"line":3,"column":4},"end":{"line":3,"column":33}},"type":"if","locations":[{"start":{"line":3,"column":4},"end":{"line":3,"column":33}},{"start":{"line":3,"column":4},"end":{"line":3,"column":33}}],"line":3},"3":{"loc":{"start":{"line":5,"column":4},"end":{"line":7,"column":5}},"type":"if","locations":[{"start":{"line":5,"column":4},"end":{"line":7,"column":5}},{"start":{"line":5,"column":4},"end":{"line":7,"column":5}}],"line":5},"4":{"loc":{"start":{"line":5,"column":8},"end":{"line":5,"column":85}},"type":"binary-expr","locations":[{"start":{"line":5,"column":8},"end":{"line":5,"column":13}},{"start":{"line":5,"column":18},"end":{"line":5,"column":84}}],"line":5},"5":{"loc":{"start":{"line":5,"column":18},"end":{"line":5,"column":84}},"type":"cond-expr","locations":[{"start":{"line":5,"column":34},"end":{"line":5,"column":47}},{"start":{"line":5,"column":50},"end":{"line":5,"column":84}}],"line":5},"6":{"loc":{"start":{"line":5,"column":50},"end":{"line":5,"column":84}},"type":"binary-expr","locations":[{"start":{"line":5,"column":50},"end":{"line":5,"column":63}},{"start":{"line":5,"column":67},"end":{"line":5,"column":84}}],"line":5},"7":{"loc":{"start":{"line":10,"column":4},"end":{"line":10,"column":33}},"type":"if","locations":[{"start":{"line":10,"column":4},"end":{"line":10,"column":33}},{"start":{"line":10,"column":4},"end":{"line":10,"column":33}}],"line":10},"8":{"loc":{"start":{"line":13,"column":25},"end":{"line":17,"column":2}},"type":"binary-expr","locations":[{"start":{"line":13,"column":26},"end":{"line":13,"column":30}},{"start":{"line":13,"column":34},"end":{"line":13,"column":57}},{"start":{"line":13,"column":63},"end":{"line":17,"column":1}}],"line":13},"9":{"loc":{"start":{"line":13,"column":63},"end":{"line":17,"column":1}},"type":"cond-expr","locations":[{"start":{"line":13,"column":80},"end":{"line":15,"column":1}},{"start":{"line":15,"column":5},"end":{"line":17,"column":1}}],"line":13},"10":{"loc":{"start":{"line":18,"column":19},"end":{"line":24,"column":1}},"type":"binary-expr","locations":[{"start":{"line":18,"column":20},"end":{"line":18,"column":24}},{"start":{"line":18,"column":28},"end":{"line":18,"column":45}},{"start":{"line":18,"column":50},"end":{"line":24,"column":1}}],"line":18},"11":{"loc":{"start":{"line":19,"column":4},"end":{"line":19,"column":42}},"type":"if","locations":[{"start":{"line":19,"column":4},"end":{"line":19,"column":42}},{"start":{"line":19,"column":4},"end":{"line":19,"column":42}}],"line":19},"12":{"loc":{"start":{"line":19,"column":8},"end":{"line":19,"column":29}},"type":"binary-expr","locations":[{"start":{"line":19,"column":8},"end":{"line":19,"column":11}},{"start":{"line":19,"column":15},"end":{"line":19,"column":29}}],"line":19},"13":{"loc":{"start":{"line":21,"column":4},"end":{"line":21,"column":141}},"type":"if","locations":[{"start":{"line":21,"column":4},"end":{"line":21,"column":141}},{"start":{"line":21,"column":4},"end":{"line":21,"column":141}}],"line":21},"14":{"loc":{"start":{"line":21,"column":40},"end":{"line":21,"column":141}},"type":"if","locations":[{"start":{"line":21,"column":40},"end":{"line":21,"column":141}},{"start":{"line":21,"column":40},"end":{"line":21,"column":141}}],"line":21},"15":{"loc":{"start":{"line":21,"column":44},"end":{"line":21,"column":107}},"type":"binary-expr","locations":[{"start":{"line":21,"column":44},"end":{"line":21,"column":59}},{"start":{"line":21,"column":63},"end":{"line":21,"column":107}}],"line":21}},"s":{"0":1,"1":6,"2":6,"3":6,"4":6,"5":6,"6":16,"7":6,"8":0,"9":0,"10":0,"11":1,"12":1,"13":0,"14":1,"15":1,"16":0,"17":1,"18":1,"19":1,"20":6,"21":6,"22":1,"23":1,"24":1,"25":1,"26":1,"27":1},"f":{"0":6,"1":16,"2":0,"3":1,"4":0,"5":1},"b":{"0":[1,1,1],"1":[1,0],"2":[6,0],"3":[6,0],"4":[6,6],"5":[0,6],"6":[6,0],"7":[0,0],"8":[1,1,1],"9":[1,0],"10":[1,1,1],"11":[0,1],"12":[1,1],"13":[1,0],"14":[6,0],"15":[6,6]},"inputSourceMap":{"version":3,"file":"/home/gabriel/finalTest/Restricted-CPF-API/src/database/models/index.ts","sources":["/home/gabriel/finalTest/Restricted-CPF-API/src/database/models/index.ts"],"names":[],"mappings":";;;;;;;;;;;;;;;;;;;;;;;;;AAAA,yCAAsC;AACtC,2DAA6C;AAE7C,kBAAe,IAAI,qBAAS,CAAC,MAAM,CAAC,CAAC","sourcesContent":["import { Sequelize } from 'sequelize';\nimport * as config from '../config/database';\n\nexport default new Sequelize(config);"]},"_coverageSchema":"1a1c01bbd47fc00a2c39e90264f33305004495a9","hash":"4db1ebbad0e2a48afc6d91a0ffbc5f56923c23b6"},"/home/gabriel/finalTest/Restricted-CPF-API/src/services/user/users.services.ts":{"path":"/home/gabriel/finalTest/Restricted-CPF-API/src/services/user/users.services.ts","statementMap":{"0":{"start":{"line":2,"column":22},"end":{"line":4,"column":1}},"1":{"start":{"line":3,"column":4},"end":{"line":3,"column":62}},"2":{"start":{"line":6,"column":0},"end":{"line":6,"column":62}},"3":{"start":{"line":7,"column":21},"end":{"line":7,"column":81}},"4":{"start":{"line":10,"column":0},"end":{"line":10,"column":31}},"5":{"start":{"line":11,"column":0},"end":{"line":11,"column":18}},"6":{"start":{"line":12,"column":0},"end":{"line":17,"column":2}},"7":{"start":{"line":13,"column":20},"end":{"line":15,"column":6}},"8":{"start":{"line":16,"column":4},"end":{"line":16,"column":19}},"9":{"start":{"line":18,"column":0},"end":{"line":25,"column":2}},"10":{"start":{"line":19,"column":20},"end":{"line":23,"column":6}},"11":{"start":{"line":24,"column":4},"end":{"line":24,"column":19}}},"fnMap":{"0":{"name":"(anonymous_0)","decl":{"start":{"line":2,"column":56},"end":{"line":2,"column":57}},"loc":{"start":{"line":2,"column":71},"end":{"line":4,"column":1}},"line":2},"1":{"name":"(anonymous_1)","decl":{"start":{"line":12,"column":26},"end":{"line":12,"column":27}},"loc":{"start":{"line":12,"column":42},"end":{"line":17,"column":1}},"line":12},"2":{"name":"(anonymous_2)","decl":{"start":{"line":18,"column":26},"end":{"line":18,"column":27}},"loc":{"start":{"line":18,"column":62},"end":{"line":25,"column":1}},"line":18}},"branchMap":{"0":{"loc":{"start":{"line":2,"column":22},"end":{"line":4,"column":1}},"type":"binary-expr","locations":[{"start":{"line":2,"column":23},"end":{"line":2,"column":27}},{"start":{"line":2,"column":31},"end":{"line":2,"column":51}},{"start":{"line":2,"column":56},"end":{"line":4,"column":1}}],"line":2},"1":{"loc":{"start":{"line":3,"column":11},"end":{"line":3,"column":61}},"type":"cond-expr","locations":[{"start":{"line":3,"column":37},"end":{"line":3,"column":40}},{"start":{"line":3,"column":43},"end":{"line":3,"column":61}}],"line":3},"2":{"loc":{"start":{"line":3,"column":12},"end":{"line":3,"column":33}},"type":"binary-expr","locations":[{"start":{"line":3,"column":12},"end":{"line":3,"column":15}},{"start":{"line":3,"column":19},"end":{"line":3,"column":33}}],"line":3}},"s":{"0":1,"1":1,"2":1,"3":1,"4":1,"5":1,"6":1,"7":2,"8":2,"9":1,"10":3,"11":3},"f":{"0":1,"1":2,"2":3},"b":{"0":[1,1,1],"1":[1,0],"2":[1,1]},"inputSourceMap":{"version":3,"file":"/home/gabriel/finalTest/Restricted-CPF-API/src/services/user/users.services.ts","sources":["/home/gabriel/finalTest/Restricted-CPF-API/src/services/user/users.services.ts"],"names":[],"mappings":";;;;;;AACA,kFAAyD;AAEzD,MAAqB,YAAY;;AAAjC,+BAgBC;;AAfiB,uBAAU,GAAG,KAAK,EAAE,IAAY,EAAqB,EAAE;IACjE,MAAM,OAAO,GAAoB,MAAM,oBAAS,CAAC,OAAO,CAAC;QACrD,KAAK,EAAE,EAAE,IAAI,EAAE;KAClB,CAAC,CAAC;IACH,OAAO,OAAO,CAAC;AACnB,CAAC,CAAC;AAEY,uBAAU,GAAG,KAAK,EAAE,EAAE,IAAI,EAAE,QAAQ,EAAE,IAAI,EAAY,EAA4B,EAAE;IAC9F,MAAM,OAAO,GAAoB,MAAM,oBAAS,CAAC,MAAM,CAAC;QACpD,IAAI;QACJ,QAAQ;QACR,IAAI;KACP,CAAC,CAAC;IACH,OAAO,OAAO,CAAC;AACnB,CAAC,CAAC","sourcesContent":["import { UserType } from '../../types/types';\nimport userModel from '../../database/models/user.model';\n\nexport default class UserServices {\n    public static findByName = async (name: string): Promise<UserType> => {\n        const findOne: UserType | null = await userModel.findOne({\n            where: { name },\n        });\n        return findOne;\n    };\n\n    public static addNewUser = async ({ name, password, role }: UserType): Promise<UserType | null> => {\n        const newUser: UserType | null = await userModel.create({\n            name,\n            password,\n            role,\n        });\n        return newUser;\n    };\n}\n"]},"_coverageSchema":"1a1c01bbd47fc00a2c39e90264f33305004495a9","hash":"db06504e9398fd6b944c1fb78447479bd2c69a0c"},"/home/gabriel/finalTest/Restricted-CPF-API/src/database/models/user.model.ts":{"path":"/home/gabriel/finalTest/Restricted-CPF-API/src/database/models/user.model.ts","statementMap":{"0":{"start":{"line":2,"column":22},"end":{"line":4,"column":1}},"1":{"start":{"line":3,"column":4},"end":{"line":3,"column":62}},"2":{"start":{"line":5,"column":0},"end":{"line":5,"column":62}},"3":{"start":{"line":6,"column":20},"end":{"line":6,"column":40}},"4":{"start":{"line":7,"column":16},"end":{"line":7,"column":51}},"5":{"start":{"line":10,"column":0},"end":{"line":35,"column":3}},"6":{"start":{"line":36,"column":0},"end":{"line":36,"column":23}}},"fnMap":{"0":{"name":"(anonymous_0)","decl":{"start":{"line":2,"column":56},"end":{"line":2,"column":57}},"loc":{"start":{"line":2,"column":71},"end":{"line":4,"column":1}},"line":2}},"branchMap":{"0":{"loc":{"start":{"line":2,"column":22},"end":{"line":4,"column":1}},"type":"binary-expr","locations":[{"start":{"line":2,"column":23},"end":{"line":2,"column":27}},{"start":{"line":2,"column":31},"end":{"line":2,"column":51}},{"start":{"line":2,"column":56},"end":{"line":4,"column":1}}],"line":2},"1":{"loc":{"start":{"line":3,"column":11},"end":{"line":3,"column":61}},"type":"cond-expr","locations":[{"start":{"line":3,"column":37},"end":{"line":3,"column":40}},{"start":{"line":3,"column":43},"end":{"line":3,"column":61}}],"line":3},"2":{"loc":{"start":{"line":3,"column":12},"end":{"line":3,"column":33}},"type":"binary-expr","locations":[{"start":{"line":3,"column":12},"end":{"line":3,"column":15}},{"start":{"line":3,"column":19},"end":{"line":3,"column":33}}],"line":3}},"s":{"0":1,"1":1,"2":1,"3":1,"4":1,"5":1,"6":1},"f":{"0":1},"b":{"0":[1,1,1],"1":[1,0],"2":[1,1]},"inputSourceMap":{"version":3,"file":"/home/gabriel/finalTest/Restricted-CPF-API/src/database/models/user.model.ts","sources":["/home/gabriel/finalTest/Restricted-CPF-API/src/database/models/user.model.ts"],"names":[],"mappings":";;;;;AAAA,yCAA6C;AAC7C,oDAAyB;AAEzB,MAAM,IAAK,SAAQ,iBAAK;CAKvB;AAED,IAAI,CAAC,IAAI,CAAC;IACN,EAAE,EAAE;QACA,SAAS,EAAE,KAAK;QAChB,aAAa,EAAE,IAAI;QACnB,UAAU,EAAE,IAAI;QAChB,IAAI,EAAE,qBAAS,CAAC,OAAO;KAC1B;IACD,IAAI,EAAE;QACF,IAAI,EAAE,qBAAS,CAAC,MAAM;QACtB,SAAS,EAAE,KAAK;KACnB;IACD,QAAQ,EAAE;QACN,IAAI,EAAE,qBAAS,CAAC,MAAM;QACtB,SAAS,EAAE,KAAK;KACnB;IACD,IAAI,EAAE;QACF,IAAI,EAAE,qBAAS,CAAC,MAAM;QACtB,SAAS,EAAE,KAAK;KACnB;CACJ,EAAE;IACC,WAAW,EAAE,IAAI;IACjB,SAAS,EAAE,eAAE;IACb,UAAU,EAAE,KAAK;IACjB,SAAS,EAAE,MAAM;IACjB,SAAS,EAAE,OAAO;CACrB,CAAC,CAAC;AAEH,kBAAe,IAAI,CAAC","sourcesContent":["import { DataTypes, Model } from 'sequelize';\nimport db from './index';\n\nclass User extends Model {\n    public id!: number;\n    public name!: string;\n    public password!: string;\n    public role!: string;\n}\n\nUser.init({\n    id: {\n        allowNull: false,\n        autoIncrement: true,\n        primaryKey: true,\n        type: DataTypes.INTEGER,\n    },\n    name: {\n        type: DataTypes.STRING,\n        allowNull: false,\n    },\n    password: {\n        type: DataTypes.STRING,\n        allowNull: false,\n    },\n    role: {\n        type: DataTypes.STRING,\n        allowNull: false,\n    }\n}, {\n    underscored: true,\n    sequelize: db,\n    timestamps: false,\n    modelName: 'User',\n    tableName: 'Users',\n});\n\nexport default User;\n"]},"_coverageSchema":"1a1c01bbd47fc00a2c39e90264f33305004495a9","hash":"8a1ee3aacd454c956084804b6866e3ab31b71946"},"/home/gabriel/finalTest/Restricted-CPF-API/src/controllers/login.controller.ts":{"path":"/home/gabriel/finalTest/Restricted-CPF-API/src/controllers/login.controller.ts","statementMap":{"0":{"start":{"line":2,"column":22},"end":{"line":12,"column":3}},"1":{"start":{"line":3,"column":4},"end":{"line":3,"column":33}},"2":{"start":{"line":3,"column":26},"end":{"line":3,"column":33}},"3":{"start":{"line":4,"column":15},"end":{"line":4,"column":52}},"4":{"start":{"line":5,"column":4},"end":{"line":7,"column":5}},"5":{"start":{"line":6,"column":6},"end":{"line":6,"column":68}},"6":{"start":{"line":6,"column":51},"end":{"line":6,"column":63}},"7":{"start":{"line":8,"column":4},"end":{"line":8,"column":39}},"8":{"start":{"line":10,"column":4},"end":{"line":10,"column":33}},"9":{"start":{"line":10,"column":26},"end":{"line":10,"column":33}},"10":{"start":{"line":11,"column":4},"end":{"line":11,"column":17}},"11":{"start":{"line":13,"column":25},"end":{"line":17,"column":2}},"12":{"start":{"line":14,"column":4},"end":{"line":14,"column":72}},"13":{"start":{"line":16,"column":4},"end":{"line":16,"column":21}},"14":{"start":{"line":18,"column":19},"end":{"line":24,"column":1}},"15":{"start":{"line":19,"column":4},"end":{"line":19,"column":42}},"16":{"start":{"line":19,"column":31},"end":{"line":19,"column":42}},"17":{"start":{"line":20,"column":17},"end":{"line":20,"column":19}},"18":{"start":{"line":21,"column":4},"end":{"line":21,"column":141}},"19":{"start":{"line":21,"column":21},"end":{"line":21,"column":141}},"20":{"start":{"line":21,"column":40},"end":{"line":21,"column":141}},"21":{"start":{"line":21,"column":109},"end":{"line":21,"column":141}},"22":{"start":{"line":22,"column":4},"end":{"line":22,"column":36}},"23":{"start":{"line":23,"column":4},"end":{"line":23,"column":18}},"24":{"start":{"line":26,"column":0},"end":{"line":26,"column":62}},"25":{"start":{"line":27,"column":12},"end":{"line":27,"column":49}},"26":{"start":{"line":28,"column":19},"end":{"line":28,"column":41}},"27":{"start":{"line":29,"column":18},"end":{"line":32,"column":1}},"28":{"start":{"line":33,"column":15},"end":{"line":33,"column":53}},"29":{"start":{"line":36,"column":0},"end":{"line":36,"column":34}},"30":{"start":{"line":37,"column":0},"end":{"line":37,"column":21}},"31":{"start":{"line":38,"column":0},"end":{"line":54,"column":2}},"32":{"start":{"line":39,"column":4},"end":{"line":53,"column":5}},"33":{"start":{"line":40,"column":25},"end":{"line":40,"column":33}},"34":{"start":{"line":41,"column":21},"end":{"line":41,"column":67}},"35":{"start":{"line":42,"column":22},"end":{"line":42,"column":74}},"36":{"start":{"line":43,"column":8},"end":{"line":45,"column":9}},"37":{"start":{"line":44,"column":12},"end":{"line":44,"column":51}},"38":{"start":{"line":46,"column":8},"end":{"line":46,"column":75}},"39":{"start":{"line":49,"column":8},"end":{"line":52,"column":11}}},"fnMap":{"0":{"name":"(anonymous_0)","decl":{"start":{"line":2,"column":74},"end":{"line":2,"column":75}},"loc":{"start":{"line":2,"column":96},"end":{"line":9,"column":1}},"line":2},"1":{"name":"(anonymous_1)","decl":{"start":{"line":6,"column":38},"end":{"line":6,"column":39}},"loc":{"start":{"line":6,"column":49},"end":{"line":6,"column":65}},"line":6},"2":{"name":"(anonymous_2)","decl":{"start":{"line":9,"column":6},"end":{"line":9,"column":7}},"loc":{"start":{"line":9,"column":28},"end":{"line":12,"column":1}},"line":9},"3":{"name":"(anonymous_3)","decl":{"start":{"line":13,"column":80},"end":{"line":13,"column":81}},"loc":{"start":{"line":13,"column":95},"end":{"line":15,"column":1}},"line":13},"4":{"name":"(anonymous_4)","decl":{"start":{"line":15,"column":5},"end":{"line":15,"column":6}},"loc":{"start":{"line":15,"column":20},"end":{"line":17,"column":1}},"line":15},"5":{"name":"(anonymous_5)","decl":{"start":{"line":18,"column":50},"end":{"line":18,"column":51}},"loc":{"start":{"line":18,"column":65},"end":{"line":24,"column":1}},"line":18},"6":{"name":"(anonymous_6)","decl":{"start":{"line":38,"column":24},"end":{"line":38,"column":25}},"loc":{"start":{"line":38,"column":44},"end":{"line":54,"column":1}},"line":38}},"branchMap":{"0":{"loc":{"start":{"line":2,"column":22},"end":{"line":12,"column":3}},"type":"binary-expr","locations":[{"start":{"line":2,"column":23},"end":{"line":2,"column":27}},{"start":{"line":2,"column":31},"end":{"line":2,"column":51}},{"start":{"line":2,"column":57},"end":{"line":12,"column":2}}],"line":2},"1":{"loc":{"start":{"line":2,"column":57},"end":{"line":12,"column":2}},"type":"cond-expr","locations":[{"start":{"line":2,"column":74},"end":{"line":9,"column":1}},{"start":{"line":9,"column":6},"end":{"line":12,"column":1}}],"line":2},"2":{"loc":{"start":{"line":3,"column":4},"end":{"line":3,"column":33}},"type":"if","locations":[{"start":{"line":3,"column":4},"end":{"line":3,"column":33}},{"start":{"line":3,"column":4},"end":{"line":3,"column":33}}],"line":3},"3":{"loc":{"start":{"line":5,"column":4},"end":{"line":7,"column":5}},"type":"if","locations":[{"start":{"line":5,"column":4},"end":{"line":7,"column":5}},{"start":{"line":5,"column":4},"end":{"line":7,"column":5}}],"line":5},"4":{"loc":{"start":{"line":5,"column":8},"end":{"line":5,"column":85}},"type":"binary-expr","locations":[{"start":{"line":5,"column":8},"end":{"line":5,"column":13}},{"start":{"line":5,"column":18},"end":{"line":5,"column":84}}],"line":5},"5":{"loc":{"start":{"line":5,"column":18},"end":{"line":5,"column":84}},"type":"cond-expr","locations":[{"start":{"line":5,"column":34},"end":{"line":5,"column":47}},{"start":{"line":5,"column":50},"end":{"line":5,"column":84}}],"line":5},"6":{"loc":{"start":{"line":5,"column":50},"end":{"line":5,"column":84}},"type":"binary-expr","locations":[{"start":{"line":5,"column":50},"end":{"line":5,"column":63}},{"start":{"line":5,"column":67},"end":{"line":5,"column":84}}],"line":5},"7":{"loc":{"start":{"line":10,"column":4},"end":{"line":10,"column":33}},"type":"if","locations":[{"start":{"line":10,"column":4},"end":{"line":10,"column":33}},{"start":{"line":10,"column":4},"end":{"line":10,"column":33}}],"line":10},"8":{"loc":{"start":{"line":13,"column":25},"end":{"line":17,"column":2}},"type":"binary-expr","locations":[{"start":{"line":13,"column":26},"end":{"line":13,"column":30}},{"start":{"line":13,"column":34},"end":{"line":13,"column":57}},{"start":{"line":13,"column":63},"end":{"line":17,"column":1}}],"line":13},"9":{"loc":{"start":{"line":13,"column":63},"end":{"line":17,"column":1}},"type":"cond-expr","locations":[{"start":{"line":13,"column":80},"end":{"line":15,"column":1}},{"start":{"line":15,"column":5},"end":{"line":17,"column":1}}],"line":13},"10":{"loc":{"start":{"line":18,"column":19},"end":{"line":24,"column":1}},"type":"binary-expr","locations":[{"start":{"line":18,"column":20},"end":{"line":18,"column":24}},{"start":{"line":18,"column":28},"end":{"line":18,"column":45}},{"start":{"line":18,"column":50},"end":{"line":24,"column":1}}],"line":18},"11":{"loc":{"start":{"line":19,"column":4},"end":{"line":19,"column":42}},"type":"if","locations":[{"start":{"line":19,"column":4},"end":{"line":19,"column":42}},{"start":{"line":19,"column":4},"end":{"line":19,"column":42}}],"line":19},"12":{"loc":{"start":{"line":19,"column":8},"end":{"line":19,"column":29}},"type":"binary-expr","locations":[{"start":{"line":19,"column":8},"end":{"line":19,"column":11}},{"start":{"line":19,"column":15},"end":{"line":19,"column":29}}],"line":19},"13":{"loc":{"start":{"line":21,"column":4},"end":{"line":21,"column":141}},"type":"if","locations":[{"start":{"line":21,"column":4},"end":{"line":21,"column":141}},{"start":{"line":21,"column":4},"end":{"line":21,"column":141}}],"line":21},"14":{"loc":{"start":{"line":21,"column":40},"end":{"line":21,"column":141}},"type":"if","locations":[{"start":{"line":21,"column":40},"end":{"line":21,"column":141}},{"start":{"line":21,"column":40},"end":{"line":21,"column":141}}],"line":21},"15":{"loc":{"start":{"line":21,"column":44},"end":{"line":21,"column":107}},"type":"binary-expr","locations":[{"start":{"line":21,"column":44},"end":{"line":21,"column":59}},{"start":{"line":21,"column":63},"end":{"line":21,"column":107}}],"line":21},"16":{"loc":{"start":{"line":33,"column":15},"end":{"line":33,"column":53}},"type":"binary-expr","locations":[{"start":{"line":33,"column":15},"end":{"line":33,"column":37}},{"start":{"line":33,"column":41},"end":{"line":33,"column":53}}],"line":33},"17":{"loc":{"start":{"line":43,"column":8},"end":{"line":45,"column":9}},"type":"if","locations":[{"start":{"line":43,"column":8},"end":{"line":45,"column":9}},{"start":{"line":43,"column":8},"end":{"line":45,"column":9}}],"line":43}},"s":{"0":1,"1":5,"2":5,"3":5,"4":5,"5":5,"6":2,"7":5,"8":0,"9":0,"10":0,"11":1,"12":1,"13":0,"14":1,"15":1,"16":0,"17":1,"18":1,"19":1,"20":5,"21":5,"22":1,"23":1,"24":1,"25":1,"26":1,"27":1,"28":1,"29":1,"30":1,"31":1,"32":3,"33":3,"34":3,"35":2,"36":2,"37":1,"38":1,"39":1},"f":{"0":5,"1":2,"2":0,"3":1,"4":0,"5":1,"6":3},"b":{"0":[1,1,1],"1":[1,0],"2":[5,0],"3":[5,0],"4":[5,5],"5":[0,5],"6":[5,0],"7":[0,0],"8":[1,1,1],"9":[1,0],"10":[1,1,1],"11":[0,1],"12":[1,1],"13":[1,0],"14":[5,0],"15":[5,5],"16":[1,0],"17":[1,1]},"inputSourceMap":{"version":3,"file":"/home/gabriel/finalTest/Restricted-CPF-API/src/controllers/login.controller.ts","sources":["/home/gabriel/finalTest/Restricted-CPF-API/src/controllers/login.controller.ts"],"names":[],"mappings":";;;;;;;;;;;;;;;;;;;;;;;;;;AACA,kDAAoC;AACpC,0CAA2C;AAE3C,MAAM,SAAS,GAAoB;IAC/B,SAAS,EAAE,MAAM;IACjB,SAAS,EAAE,OAAO;CACrB,CAAC;AAEF,MAAM,MAAM,GAAG,OAAO,CAAC,GAAG,CAAC,UAAU,IAAI,YAAY,CAAC;AAEtD,MAAqB,eAAe;;AAApC,kCAiBC;;AAhBiB,qBAAK,GAAG,KAAK,EAAE,GAAY,EAAE,GAAa,EAAE,EAAE;IACxD,IAAI;QACA,MAAM,EAAE,IAAI,EAAE,GAAG,GAAG,CAAC,IAAI,CAAC;QAC1B,MAAM,IAAI,GAAG,MAAM,uBAAY,CAAC,UAAU,CAAC,IAAI,CAAC,CAAC;QACjD,MAAM,KAAK,GAAG,GAAG,CAAC,IAAI,mBAAM,IAAI,GAAI,MAAM,EAAE,SAAS,CAAC,CAAC;QACvD,IAAI,IAAI,CAAC,IAAI,KAAK,OAAO,EAAE;YACvB,OAAO,GAAG,CAAC,MAAM,CAAC,GAAG,CAAC,CAAC,IAAI,CAAC,EAAE,KAAK,EAAE,CAAC,CAAC;SAC1C;QACD,OAAO,GAAG,CAAC,MAAM,CAAC,GAAG,CAAC,CAAC,IAAI,CAAC,EAAE,OAAO,EAAE,QAAQ,IAAI,YAAY,EAAE,CAAC,CAAC;KACtE;IAAC,OAAO,GAAQ,EAAE;QACf,OAAO,GAAG,CAAC,MAAM,CAAC,GAAG,CAAC,CAAC,IAAI,CAAC;YACxB,OAAO,EAAE,GAAG;YACZ,KAAK,EAAE,GAAG,CAAC,OAAO;SACrB,CAAC,CAAC;KACN;AACL,CAAC,CAAC","sourcesContent":["import { Request, Response } from 'express';\nimport * as jwt from 'jsonwebtoken';\nimport { UserServices } from '../services';\n\nconst jwtConfig: jwt.SignOptions = {\n    expiresIn: '999d',\n    algorithm: 'HS256',\n};\n\nconst secret = process.env.JWT_SECRET || 'jwt_secret';\n\nexport default class LoginController {\n    public static login = async (req: Request, res: Response) => {\n        try {\n            const { name } = req.body;\n            const user = await UserServices.findByName(name);\n            const token = jwt.sign({ ...user }, secret, jwtConfig);\n            if (user.role === 'admin') {\n                return res.status(200).json({ token });\n            }\n            return res.status(200).json({ message: `User ${name} logged in` });\n        } catch (err: any) {\n            return res.status(500).json({\n                message: 500,\n                error: err.message,\n            });\n        }\n    };\n}\n"]},"_coverageSchema":"1a1c01bbd47fc00a2c39e90264f33305004495a9","hash":"7ef75b090e5f09ca9f40ce55403e04487d78b161"},"/home/gabriel/finalTest/Restricted-CPF-API/src/controllers/user.controller.ts":{"path":"/home/gabriel/finalTest/Restricted-CPF-API/src/controllers/user.controller.ts","statementMap":{"0":{"start":{"line":2,"column":22},"end":{"line":12,"column":3}},"1":{"start":{"line":3,"column":4},"end":{"line":3,"column":33}},"2":{"start":{"line":3,"column":26},"end":{"line":3,"column":33}},"3":{"start":{"line":4,"column":15},"end":{"line":4,"column":52}},"4":{"start":{"line":5,"column":4},"end":{"line":7,"column":5}},"5":{"start":{"line":6,"column":6},"end":{"line":6,"column":68}},"6":{"start":{"line":6,"column":51},"end":{"line":6,"column":63}},"7":{"start":{"line":8,"column":4},"end":{"line":8,"column":39}},"8":{"start":{"line":10,"column":4},"end":{"line":10,"column":33}},"9":{"start":{"line":10,"column":26},"end":{"line":10,"column":33}},"10":{"start":{"line":11,"column":4},"end":{"line":11,"column":17}},"11":{"start":{"line":13,"column":25},"end":{"line":17,"column":2}},"12":{"start":{"line":14,"column":4},"end":{"line":14,"column":72}},"13":{"start":{"line":16,"column":4},"end":{"line":16,"column":21}},"14":{"start":{"line":18,"column":19},"end":{"line":24,"column":1}},"15":{"start":{"line":19,"column":4},"end":{"line":19,"column":42}},"16":{"start":{"line":19,"column":31},"end":{"line":19,"column":42}},"17":{"start":{"line":20,"column":17},"end":{"line":20,"column":19}},"18":{"start":{"line":21,"column":4},"end":{"line":21,"column":141}},"19":{"start":{"line":21,"column":21},"end":{"line":21,"column":141}},"20":{"start":{"line":21,"column":40},"end":{"line":21,"column":141}},"21":{"start":{"line":21,"column":109},"end":{"line":21,"column":141}},"22":{"start":{"line":22,"column":4},"end":{"line":22,"column":36}},"23":{"start":{"line":23,"column":4},"end":{"line":23,"column":18}},"24":{"start":{"line":26,"column":0},"end":{"line":26,"column":62}},"25":{"start":{"line":27,"column":15},"end":{"line":27,"column":48}},"26":{"start":{"line":28,"column":19},"end":{"line":28,"column":41}},"27":{"start":{"line":31,"column":0},"end":{"line":31,"column":33}},"28":{"start":{"line":32,"column":0},"end":{"line":32,"column":20}},"29":{"start":{"line":33,"column":0},"end":{"line":52,"column":2}},"30":{"start":{"line":34,"column":4},"end":{"line":51,"column":5}},"31":{"start":{"line":35,"column":25},"end":{"line":35,"column":28}},"32":{"start":{"line":36,"column":21},"end":{"line":36,"column":43}},"33":{"start":{"line":37,"column":21},"end":{"line":37,"column":57}},"34":{"start":{"line":38,"column":24},"end":{"line":42,"column":9}},"35":{"start":{"line":43,"column":8},"end":{"line":43,"column":58}},"36":{"start":{"line":44,"column":8},"end":{"line":44,"column":91}},"37":{"start":{"line":47,"column":8},"end":{"line":50,"column":11}}},"fnMap":{"0":{"name":"(anonymous_0)","decl":{"start":{"line":2,"column":74},"end":{"line":2,"column":75}},"loc":{"start":{"line":2,"column":96},"end":{"line":9,"column":1}},"line":2},"1":{"name":"(anonymous_1)","decl":{"start":{"line":6,"column":38},"end":{"line":6,"column":39}},"loc":{"start":{"line":6,"column":49},"end":{"line":6,"column":65}},"line":6},"2":{"name":"(anonymous_2)","decl":{"start":{"line":9,"column":6},"end":{"line":9,"column":7}},"loc":{"start":{"line":9,"column":28},"end":{"line":12,"column":1}},"line":9},"3":{"name":"(anonymous_3)","decl":{"start":{"line":13,"column":80},"end":{"line":13,"column":81}},"loc":{"start":{"line":13,"column":95},"end":{"line":15,"column":1}},"line":13},"4":{"name":"(anonymous_4)","decl":{"start":{"line":15,"column":5},"end":{"line":15,"column":6}},"loc":{"start":{"line":15,"column":20},"end":{"line":17,"column":1}},"line":15},"5":{"name":"(anonymous_5)","decl":{"start":{"line":18,"column":50},"end":{"line":18,"column":51}},"loc":{"start":{"line":18,"column":65},"end":{"line":24,"column":1}},"line":18},"6":{"name":"(anonymous_6)","decl":{"start":{"line":33,"column":28},"end":{"line":33,"column":29}},"loc":{"start":{"line":33,"column":48},"end":{"line":52,"column":1}},"line":33}},"branchMap":{"0":{"loc":{"start":{"line":2,"column":22},"end":{"line":12,"column":3}},"type":"binary-expr","locations":[{"start":{"line":2,"column":23},"end":{"line":2,"column":27}},{"start":{"line":2,"column":31},"end":{"line":2,"column":51}},{"start":{"line":2,"column":57},"end":{"line":12,"column":2}}],"line":2},"1":{"loc":{"start":{"line":2,"column":57},"end":{"line":12,"column":2}},"type":"cond-expr","locations":[{"start":{"line":2,"column":74},"end":{"line":9,"column":1}},{"start":{"line":9,"column":6},"end":{"line":12,"column":1}}],"line":2},"2":{"loc":{"start":{"line":3,"column":4},"end":{"line":3,"column":33}},"type":"if","locations":[{"start":{"line":3,"column":4},"end":{"line":3,"column":33}},{"start":{"line":3,"column":4},"end":{"line":3,"column":33}}],"line":3},"3":{"loc":{"start":{"line":5,"column":4},"end":{"line":7,"column":5}},"type":"if","locations":[{"start":{"line":5,"column":4},"end":{"line":7,"column":5}},{"start":{"line":5,"column":4},"end":{"line":7,"column":5}}],"line":5},"4":{"loc":{"start":{"line":5,"column":8},"end":{"line":5,"column":85}},"type":"binary-expr","locations":[{"start":{"line":5,"column":8},"end":{"line":5,"column":13}},{"start":{"line":5,"column":18},"end":{"line":5,"column":84}}],"line":5},"5":{"loc":{"start":{"line":5,"column":18},"end":{"line":5,"column":84}},"type":"cond-expr","locations":[{"start":{"line":5,"column":34},"end":{"line":5,"column":47}},{"start":{"line":5,"column":50},"end":{"line":5,"column":84}}],"line":5},"6":{"loc":{"start":{"line":5,"column":50},"end":{"line":5,"column":84}},"type":"binary-expr","locations":[{"start":{"line":5,"column":50},"end":{"line":5,"column":63}},{"start":{"line":5,"column":67},"end":{"line":5,"column":84}}],"line":5},"7":{"loc":{"start":{"line":10,"column":4},"end":{"line":10,"column":33}},"type":"if","locations":[{"start":{"line":10,"column":4},"end":{"line":10,"column":33}},{"start":{"line":10,"column":4},"end":{"line":10,"column":33}}],"line":10},"8":{"loc":{"start":{"line":13,"column":25},"end":{"line":17,"column":2}},"type":"binary-expr","locations":[{"start":{"line":13,"column":26},"end":{"line":13,"column":30}},{"start":{"line":13,"column":34},"end":{"line":13,"column":57}},{"start":{"line":13,"column":63},"end":{"line":17,"column":1}}],"line":13},"9":{"loc":{"start":{"line":13,"column":63},"end":{"line":17,"column":1}},"type":"cond-expr","locations":[{"start":{"line":13,"column":80},"end":{"line":15,"column":1}},{"start":{"line":15,"column":5},"end":{"line":17,"column":1}}],"line":13},"10":{"loc":{"start":{"line":18,"column":19},"end":{"line":24,"column":1}},"type":"binary-expr","locations":[{"start":{"line":18,"column":20},"end":{"line":18,"column":24}},{"start":{"line":18,"column":28},"end":{"line":18,"column":45}},{"start":{"line":18,"column":50},"end":{"line":24,"column":1}}],"line":18},"11":{"loc":{"start":{"line":19,"column":4},"end":{"line":19,"column":42}},"type":"if","locations":[{"start":{"line":19,"column":4},"end":{"line":19,"column":42}},{"start":{"line":19,"column":4},"end":{"line":19,"column":42}}],"line":19},"12":{"loc":{"start":{"line":19,"column":8},"end":{"line":19,"column":29}},"type":"binary-expr","locations":[{"start":{"line":19,"column":8},"end":{"line":19,"column":11}},{"start":{"line":19,"column":15},"end":{"line":19,"column":29}}],"line":19},"13":{"loc":{"start":{"line":21,"column":4},"end":{"line":21,"column":141}},"type":"if","locations":[{"start":{"line":21,"column":4},"end":{"line":21,"column":141}},{"start":{"line":21,"column":4},"end":{"line":21,"column":141}}],"line":21},"14":{"loc":{"start":{"line":21,"column":40},"end":{"line":21,"column":141}},"type":"if","locations":[{"start":{"line":21,"column":40},"end":{"line":21,"column":141}},{"start":{"line":21,"column":40},"end":{"line":21,"column":141}}],"line":21},"15":{"loc":{"start":{"line":21,"column":44},"end":{"line":21,"column":107}},"type":"binary-expr","locations":[{"start":{"line":21,"column":44},"end":{"line":21,"column":59}},{"start":{"line":21,"column":63},"end":{"line":21,"column":107}}],"line":21}},"s":{"0":1,"1":11,"2":11,"3":11,"4":11,"5":11,"6":4,"7":11,"8":0,"9":0,"10":0,"11":1,"12":1,"13":0,"14":1,"15":1,"16":0,"17":1,"18":1,"19":1,"20":11,"21":11,"22":1,"23":1,"24":1,"25":1,"26":1,"27":1,"28":1,"29":1,"30":2,"31":2,"32":2,"33":2,"34":2,"35":2,"36":1,"37":1},"f":{"0":11,"1":4,"2":0,"3":1,"4":0,"5":1,"6":2},"b":{"0":[1,1,1],"1":[1,0],"2":[11,0],"3":[11,0],"4":[11,11],"5":[0,11],"6":[11,0],"7":[0,0],"8":[1,1,1],"9":[1,0],"10":[1,1,1],"11":[0,1],"12":[1,1],"13":[1,0],"14":[11,0],"15":[11,11]},"inputSourceMap":{"version":3,"file":"/home/gabriel/finalTest/Restricted-CPF-API/src/controllers/user.controller.ts","sources":["/home/gabriel/finalTest/Restricted-CPF-API/src/controllers/user.controller.ts"],"names":[],"mappings":";;;;;;;;;;;;;;;;;;;;;;;;;;AACA,iDAAmC;AACnC,0CAA2C;AAE3C,MAAqB,cAAc;;AAAnC,iCAyBC;;AAxBiB,yBAAU,GAAG,KAAK,EAAE,GAAY,EAAE,GAAa,EAAE,EAAE;IAC7D,IAAI;QACA,MAAM,EAAE,IAAI,EAAE,GAAG,GAAG,CAAC;QAErB,MAAM,IAAI,GAAG,MAAM,CAAC,WAAW,CAAC,EAAE,CAAC,CAAC;QAEpC,MAAM,IAAI,GAAG,MAAM,CAAC,QAAQ,CAAC,IAAI,CAAC,QAAQ,EAAE,IAAI,CAAC,CAAC;QAElD,MAAM,OAAO,GAAG;YACZ,IAAI,EAAE,IAAI,CAAC,IAAI;YACf,IAAI,EAAE,IAAI,CAAC,IAAI;YACf,QAAQ,EAAE,IAAI;SACjB,CAAC;QAEF,MAAM,uBAAY,CAAC,UAAU,CAAC,OAAO,CAAC,CAAC;QAEvC,OAAO,GAAG,CAAC,MAAM,CAAC,GAAG,CAAC,CAAC,IAAI,CAAC,EAAE,OAAO,EAAE,QAAQ,IAAI,CAAC,IAAI,uBAAuB,EAAE,CAAC,CAAC;KACtF;IAAC,OAAO,GAAQ,EAAE;QACf,OAAO,GAAG,CAAC,MAAM,CAAC,GAAG,CAAC,CAAC,IAAI,CAAC;YACxB,OAAO,EAAE,GAAG;YACZ,KAAK,EAAE,GAAG,CAAC,OAAO;SACrB,CAAC,CAAC;KACN;AACL,CAAC,CAAC","sourcesContent":["import { Request, Response } from 'express';\nimport * as bcrypt from 'bcryptjs';\nimport { UserServices } from '../services';\n\nexport default class UserController {\n    public static addNewUser = async (req: Request, res: Response) => {\n        try {\n            const { body } = req;\n\n            const salt = bcrypt.genSaltSync(10);\n\n            const hash = bcrypt.hashSync(body.password, salt);\n\n            const newUser = {\n                name: body.name,\n                role: body.role,\n                password: hash,\n            };\n\n            await UserServices.addNewUser(newUser);\n\n            return res.status(201).json({ message: `User ${body.name} successfully created` });\n        } catch (err: any) {\n            return res.status(500).json({\n                message: 500,\n                error: err.message,\n            });\n        }\n    };\n}\n"]},"_coverageSchema":"1a1c01bbd47fc00a2c39e90264f33305004495a9","hash":"1a309ad978f99a80ee0abfe50a8f597b49bf0e50"},"/home/gabriel/finalTest/Restricted-CPF-API/src/middleware/cpf.validate.ts":{"path":"/home/gabriel/finalTest/Restricted-CPF-API/src/middleware/cpf.validate.ts","statementMap":{"0":{"start":{"line":3,"column":0},"end":{"line":3,"column":62}},"1":{"start":{"line":4,"column":20},"end":{"line":4,"column":40}},"2":{"start":{"line":5,"column":19},"end":{"line":5,"column":41}},"3":{"start":{"line":8,"column":0},"end":{"line":8,"column":30}},"4":{"start":{"line":9,"column":0},"end":{"line":9,"column":17}},"5":{"start":{"line":10,"column":0},"end":{"line":22,"column":2}},"6":{"start":{"line":11,"column":4},"end":{"line":21,"column":5}},"7":{"start":{"line":12,"column":24},"end":{"line":12,"column":32}},"8":{"start":{"line":13,"column":31},"end":{"line":13,"column":61}},"9":{"start":{"line":14,"column":8},"end":{"line":16,"column":9}},"10":{"start":{"line":15,"column":12},"end":{"line":15,"column":76}},"11":{"start":{"line":17,"column":8},"end":{"line":17,"column":22}},"12":{"start":{"line":20,"column":8},"end":{"line":20,"column":51}},"13":{"start":{"line":23,"column":0},"end":{"line":35,"column":2}},"14":{"start":{"line":24,"column":4},"end":{"line":34,"column":5}},"15":{"start":{"line":25,"column":24},"end":{"line":25,"column":34}},"16":{"start":{"line":26,"column":31},"end":{"line":26,"column":61}},"17":{"start":{"line":27,"column":8},"end":{"line":29,"column":9}},"18":{"start":{"line":28,"column":12},"end":{"line":28,"column":76}},"19":{"start":{"line":30,"column":8},"end":{"line":30,"column":22}},"20":{"start":{"line":33,"column":8},"end":{"line":33,"column":51}},"21":{"start":{"line":36,"column":0},"end":{"line":47,"column":2}},"22":{"start":{"line":37,"column":4},"end":{"line":46,"column":5}},"23":{"start":{"line":38,"column":23},"end":{"line":38,"column":33}},"24":{"start":{"line":39,"column":26},"end":{"line":39,"column":77}},"25":{"start":{"line":40,"column":8},"end":{"line":41,"column":77}},"26":{"start":{"line":41,"column":12},"end":{"line":41,"column":77}},"27":{"start":{"line":42,"column":8},"end":{"line":42,"column":22}},"28":{"start":{"line":45,"column":8},"end":{"line":45,"column":51}},"29":{"start":{"line":48,"column":0},"end":{"line":55,"column":2}},"30":{"start":{"line":49,"column":20},"end":{"line":49,"column":28}},"31":{"start":{"line":50,"column":21},"end":{"line":50,"column":65}},"32":{"start":{"line":51,"column":4},"end":{"line":53,"column":5}},"33":{"start":{"line":52,"column":8},"end":{"line":52,"column":71}},"34":{"start":{"line":54,"column":4},"end":{"line":54,"column":18}}},"fnMap":{"0":{"name":"(anonymous_0)","decl":{"start":{"line":10,"column":36},"end":{"line":10,"column":37}},"loc":{"start":{"line":10,"column":62},"end":{"line":22,"column":1}},"line":10},"1":{"name":"(anonymous_1)","decl":{"start":{"line":23,"column":38},"end":{"line":23,"column":39}},"loc":{"start":{"line":23,"column":64},"end":{"line":35,"column":1}},"line":23},"2":{"name":"(anonymous_2)","decl":{"start":{"line":36,"column":30},"end":{"line":36,"column":31}},"loc":{"start":{"line":36,"column":56},"end":{"line":47,"column":1}},"line":36},"3":{"name":"(anonymous_3)","decl":{"start":{"line":48,"column":37},"end":{"line":48,"column":38}},"loc":{"start":{"line":48,"column":63},"end":{"line":55,"column":1}},"line":48}},"branchMap":{"0":{"loc":{"start":{"line":14,"column":8},"end":{"line":16,"column":9}},"type":"if","locations":[{"start":{"line":14,"column":8},"end":{"line":16,"column":9}},{"start":{"line":14,"column":8},"end":{"line":16,"column":9}}],"line":14},"1":{"loc":{"start":{"line":27,"column":8},"end":{"line":29,"column":9}},"type":"if","locations":[{"start":{"line":27,"column":8},"end":{"line":29,"column":9}},{"start":{"line":27,"column":8},"end":{"line":29,"column":9}}],"line":27},"2":{"loc":{"start":{"line":40,"column":8},"end":{"line":41,"column":77}},"type":"if","locations":[{"start":{"line":40,"column":8},"end":{"line":41,"column":77}},{"start":{"line":40,"column":8},"end":{"line":41,"column":77}}],"line":40},"3":{"loc":{"start":{"line":51,"column":4},"end":{"line":53,"column":5}},"type":"if","locations":[{"start":{"line":51,"column":4},"end":{"line":53,"column":5}},{"start":{"line":51,"column":4},"end":{"line":53,"column":5}}],"line":51}},"s":{"0":1,"1":1,"2":1,"3":1,"4":1,"5":1,"6":0,"7":0,"8":0,"9":0,"10":0,"11":0,"12":0,"13":1,"14":0,"15":0,"16":0,"17":0,"18":0,"19":0,"20":0,"21":1,"22":0,"23":0,"24":0,"25":0,"26":0,"27":0,"28":0,"29":1,"30":0,"31":0,"32":0,"33":0,"34":0},"f":{"0":0,"1":0,"2":0,"3":0},"b":{"0":[0,0],"1":[0,0],"2":[0,0],"3":[0,0]},"inputSourceMap":{"version":3,"file":"/home/gabriel/finalTest/Restricted-CPF-API/src/middleware/cpf.validate.ts","sources":["/home/gabriel/finalTest/Restricted-CPF-API/src/middleware/cpf.validate.ts"],"names":[],"mappings":";;;AAAA,yCAAqC;AAErC,0CAA0C;AAG1C,MAAqB,WAAW;;AAAhC,8BA+CC;;AA9CiB,iCAAqB,GAAG,KAAK,EAAE,GAAY,EAAE,GAAa,EAAE,IAAkB,EAAE,EAAE;IAC5F,IAAI;QACA,MAAM,EAAE,GAAG,EAAE,GAAG,GAAG,CAAC,IAAI,CAAC;QACzB,MAAM,cAAc,GAAG,IAAA,oBAAQ,EAAC,GAAG,CAAC,CAAC;QACrC,IAAI,CAAC,cAAc,EAAE;YACjB,OAAO,GAAG,CAAC,MAAM,CAAC,GAAG,CAAC,CAAC,IAAI,CAAC,EAAE,OAAO,EAAE,qBAAqB,EAAE,CAAC,CAAC;SACnE;QACD,OAAO,IAAI,EAAE,CAAC;KACjB;IAAC,OAAO,KAAK,EAAE;QACZ,OAAO,GAAG,CAAC,MAAM,CAAC,GAAG,CAAC,CAAC,IAAI,CAAC,KAAK,CAAC,OAAO,CAAC,CAAC;KAC9C;AACL,CAAC,CAAC;AACY,mCAAuB,GAAG,KAAK,EAAE,GAAY,EAAE,GAAa,EAAE,IAAkB,EAAE,EAAE;IAC9F,IAAI;QACA,MAAM,EAAE,GAAG,EAAE,GAAG,GAAG,CAAC,MAAM,CAAC;QAC3B,MAAM,cAAc,GAAG,IAAA,oBAAQ,EAAC,GAAG,CAAC,CAAC;QACrC,IAAI,CAAC,cAAc,EAAE;YACjB,OAAO,GAAG,CAAC,MAAM,CAAC,GAAG,CAAC,CAAC,IAAI,CAAC,EAAE,OAAO,EAAE,qBAAqB,EAAE,CAAC,CAAC;SACnE;QACD,OAAO,IAAI,EAAE,CAAC;KACjB;IAAC,OAAO,KAAK,EAAE;QACZ,OAAO,GAAG,CAAC,MAAM,CAAC,GAAG,CAAC,CAAC,IAAI,CAAC,KAAK,CAAC,OAAO,CAAC,CAAC;KAC9C;AACL,CAAC,CAAC;AAEY,2BAAe,GAAG,KAAK,EAAE,GAAY,EAAE,GAAa,EAAE,IAAkB,EAAE,EAAE;IACtF,IAAI;QACA,MAAM,MAAM,GAAG,GAAG,CAAC,MAAM,CAAC;QAC1B,MAAM,SAAS,GAAuB,MAAM,sBAAW,CAAC,UAAU,CAAC,MAAM,CAAC,GAAG,CAAC,CAAC;QAE/E,IAAI,SAAS,KAAK,IAAI;YAAE,OAAO,GAAG,CAAC,MAAM,CAAC,GAAG,CAAC,CAAC,IAAI,CAAC,EAAE,OAAO,EAAE,sBAAsB,EAAE,CAAC,CAAC;QAEzF,OAAO,IAAI,EAAE,CAAC;KACjB;IAAC,OAAO,KAAK,EAAE;QACZ,OAAO,GAAG,CAAC,MAAM,CAAC,GAAG,CAAC,CAAC,IAAI,CAAC,KAAK,CAAC,OAAO,CAAC,CAAC;KAC9C;AACL,CAAC,CAAC;AAEY,kCAAsB,GAAG,KAAK,EAAE,GAAY,EAAE,GAAa,EAAE,IAAkB,EAAE,EAAE;IAC7F,MAAM,EAAE,GAAG,EAAE,GAAG,GAAG,CAAC,IAAI,CAAC;IACzB,MAAM,QAAQ,GAAG,MAAM,sBAAW,CAAC,UAAU,CAAC,GAAG,CAAC,CAAC;IACnD,IAAI,QAAQ,EAAE;QACV,OAAO,GAAG,CAAC,MAAM,CAAC,GAAG,CAAC,CAAC,IAAI,CAAC,EAAE,OAAO,EAAE,oBAAoB,EAAE,CAAC,CAAC;KAClE;IACD,OAAO,IAAI,EAAE,CAAC;AAClB,CAAC,CAAC","sourcesContent":["import { validate } from 'cpf-check';\nimport { NextFunction, Request, Response } from 'express';\nimport { CPFServices } from '../services';\nimport { CPFresponse } from '../types/types';\n\nexport default class CPFValidate {\n    public static CPFBodyFormatValidate = async (req: Request, res: Response, next: NextFunction) => {\n        try {\n            const { cpf } = req.body;\n            const CPFFormatCheck = validate(cpf);\n            if (!CPFFormatCheck) {\n                return res.status(400).json({ message: 'InvalidCpfException' });\n            }\n            return next();\n        } catch (error) {\n            return res.status(500).json(error.message);\n        }\n    };\n    public static CPFParamsFormatValidate = async (req: Request, res: Response, next: NextFunction) => {\n        try {\n            const { cpf } = req.params;\n            const CPFFormatCheck = validate(cpf);\n            if (!CPFFormatCheck) {\n                return res.status(400).json({ message: 'InvalidCpfException' });\n            }\n            return next();\n        } catch (error) {\n            return res.status(500).json(error.message);\n        }\n    };\n\n    public static checkIfCPFExist = async (req: Request, res: Response, next: NextFunction) => {\n        try {\n            const params = req.params;\n            const CPFresult: CPFresponse | null = await CPFServices.findOneCPF(params.cpf);\n\n            if (CPFresult === null) return res.status(404).json({ messag
[...]
;\nimport AuthMiddleware from '../auth/auth';\n\nconst router = express.Router();\n\nrouter.post('/', AuthMiddleware.tokenHandle, UserValidate.createUserfieldHandle, UserController.addNewUser);\n\nexport default router;\n"]},"_coverageSchema":"1a1c01bbd47fc00a2c39e90264f33305004495a9","hash":"6909394ea7a7caf9bcbecfdcd7844145637cf307"},"/home/gabriel/finalTest/Restricted-CPF-API/src/middleware/user.validate.ts":{"path":"/home/gabriel/finalTest/Restricted-CPF-API/src/middleware/user.validate.ts","statementMap":{"0":{"start":{"line":2,"column":22},"end":{"line":12,"column":3}},"1":{"start":{"line":3,"column":4},"end":{"line":3,"column":33}},"2":{"start":{"line":3,"column":26},"end":{"line":3,"column":33}},"3":{"start":{"line":4,"column":15},"end":{"line":4,"column":52}},"4":{"start":{"line":5,"column":4},"end":{"line":7,"column":5}},"5":{"start":{"line":6,"column":6},"end":{"line":6,"column":68}},"6":{"start":{"line":6,"column":51},"end":{"line":6,"column":63}},"7":{"start":{"line":8,"column":4},"end":{"line":8,"column":39}},"8":{"start":{"line":10,"column":4},"end":{"line":10,"column":33}},"9":{"start":{"line":10,"column":26},"end":{"line":10,"column":33}},"10":{"start":{"line":11,"column":4},"end":{"line":11,"column":17}},"11":{"start":{"line":13,"column":25},"end":{"line":17,"column":2}},"12":{"start":{"line":14,"column":4},"end":{"line":14,"column":72}},"13":{"start":{"line":16,"column":4},"end":{"line":16,"column":21}},"14":{"start":{"line":18,"column":19},"end":{"line":24,"column":1}},"15":{"start":{"line":19,"column":4},"end":{"line":19,"column":42}},"16":{"start":{"line":19,"column":31},"end":{"line":19,"column":42}},"17":{"start":{"line":20,"column":17},"end":{"line":20,"column":19}},"18":{"start":{"line":21,"column":4},"end":{"line":21,"column":141}},"19":{"start":{"line":21,"column":21},"end":{"line":21,"column":141}},"20":{"start":{"line":21,"column":40},"end":{"line":21,"column":141}},"21":{"start":{"line":21,"column":109},"end":{"line":21,"column":141}},"22":{"start":{"line":22,"column":4},"end":{"line":22,"column":36}},"23":{"start":{"line":23,"column":4},"end":{"line":23,"column":18}},"24":{"start":{"line":26,"column":0},"end":{"line":26,"column":62}},"25":{"start":{"line":27,"column":15},"end":{"line":27,"column":48}},"26":{"start":{"line":28,"column":19},"end":{"line":28,"column":41}},"27":{"start":{"line":29,"column":21},"end":{"line":29,"column":49}},"28":{"start":{"line":32,"column":0},"end":{"line":32,"column":18}},"29":{"start":{"line":33,"column":0},"end":{"line":49,"column":2}},"30":{"start":{"line":34,"column":4},"end":{"line":48,"column":5}},"31":{"start":{"line":35,"column":41},"end":{"line":35,"column":49}},"32":{"start":{"line":36,"column":30},"end":{"line":36,"column":54}},"33":{"start":{"line":37,"column":8},"end":{"line":39,"column":9}},"34":{"start":{"line":38,"column":12},"end":{"line":38,"column":82}},"35":{"start":{"line":40,"column":25},"end":{"line":40,"column":71}},"36":{"start":{"line":41,"column":8},"end":{"line":43,"column":9}},"37":{"start":{"line":42,"column":12},"end":{"line":42,"column":73}},"38":{"start":{"line":44,"column":8},"end":{"line":44,"column":22}},"39":{"start":{"line":47,"column":8},"end":{"line":47,"column":62}},"40":{"start":{"line":50,"column":0},"end":{"line":62,"column":2}},"41":{"start":{"line":51,"column":4},"end":{"line":61,"column":5}},"42":{"start":{"line":52,"column":35},"end":{"line":52,"column":43}},"43":{"start":{"line":53,"column":30},"end":{"line":53,"column":46}},"44":{"start":{"line":54,"column":8},"end":{"line":56,"column":9}},"45":{"start":{"line":55,"column":12},"end":{"line":55,"column":82}},"46":{"start":{"line":57,"column":8},"end":{"line":57,"column":22}},"47":{"start":{"line":60,"column":8},"end":{"line":60,"column":62}},"48":{"start":{"line":63,"column":0},"end":{"line":79,"column":2}},"49":{"start":{"line":64,"column":4},"end":{"line":78,"column":5}},"50":{"start":{"line":65,"column":35},"end":{"line":65,"column":43}},"51":{"start":{"line":66,"column":25},"end":{"line":66,"column":71}},"52":{"start":{"line":67,"column":8},"end":{"line":69,"column":9}},"53":{"start":{"line":68,"column":12},"end":{"line":68,"column":67}},"54":{"start":{"line":70,"column":30},"end":{"line":70,"column":77}},"55":{"start":{"line":71,"column":8},"end":{"line":73,"column":9}},"56":{"start":{"line":72,"column":12},"end":{"line":72,"column":67}},"57":{"start":{"line":74,"column":8},"end":{"line":74,"column":22}},"58":{"start":{"line":77,"column":8},"end":{"line":77,"column":62}},"59":{"start":{"line":80,"column":0},"end":{"line":80,"column":31}}},"fnMap":{"0":{"name":"(anonymous_0)","decl":{"start":{"line":2,"column":74},"end":{"line":2,"column":75}},"loc":{"start":{"line":2,"column":96},"end":{"line":9,"column":1}},"line":2},"1":{"name":"(anonymous_1)","decl":{"start":{"line":6,"column":38},"end":{"line":6,"column":39}},"loc":{"start":{"line":6,"column":49},"end":{"line":6,"column":65}},"line":6},"2":{"name":"(anonymous_2)","decl":{"start":{"line":9,"column":6},"end":{"line":9,"column":7}},"loc":{"start":{"line":9,"column":28},"end":{"line":12,"column":1}},"line":9},"3":{"name":"(anonymous_3)","decl":{"start":{"line":13,"column":80},"end":{"line":13,"column":81}},"loc":{"start":{"line":13,"column":95},"end":{"line":15,"column":1}},"line":13},"4":{"name":"(anonymous_4)","decl":{"start":{"line":15,"column":5},"end":{"line":15,"column":6}},"loc":{"start":{"line":15,"column":20},"end":{"line":17,"column":1}},"line":15},"5":{"name":"(anonymous_5)","decl":{"start":{"line":18,"column":50},"end":{"line":18,"column":51}},"loc":{"start":{"line":18,"column":65},"end":{"line":24,"column":1}},"line":18},"6":{"name":"(anonymous_6)","decl":{"start":{"line":33,"column":37},"end":{"line":33,"column":38}},"loc":{"start":{"line":33,"column":63},"end":{"line":49,"column":1}},"line":33},"7":{"name":"(anonymous_7)","decl":{"start":{"line":50,"column":32},"end":{"line":50,"column":33}},"loc":{"start":{"line":50,"column":58},"end":{"line":62,"column":1}},"line":50},"8":{"name":"(anonymous_8)","decl":{"start":{"line":63,"column":29},"end":{"line":63,"column":30}},"loc":{"start":{"line":63,"column":55},"end":{"line":79,"column":1}},"line":63}},"branchMap":{"0":{"loc":{"start":{"line":2,"column":22},"end":{"line":12,"column":3}},"type":"binary-expr","locations":[{"start":{"line":2,"column":23},"end":{"line":2,"column":27}},{"start":{"line":2,"column":31},"end":{"line":2,"column":51}},{"start":{"line":2,"column":57},"end":{"line":12,"column":2}}],"line":2},"1":{"loc":{"start":{"line":2,"column":57},"end":{"line":12,"column":2}},"type":"cond-expr","locations":[{"start":{"line":2,"column":74},"end":{"line":9,"column":1}},{"start":{"line":9,"column":6},"end":{"line":12,"column":1}}],"line":2},"2":{"loc":{"start":{"line":3,"column":4},"end":{"line":3,"column":33}},"type":"if","locations":[{"start":{"line":3,"column":4},"end":{"line":3,"column":33}},{"start":{"line":3,"column":4},"end":{"line":3,"column":33}}],"line":3},"3":{"loc":{"start":{"line":5,"column":4},"end":{"line":7,"column":5}},"type":"if","locations":[{"start":{"line":5,"column":4},"end":{"line":7,"column":5}},{"start":{"line":5,"column":4},"end":{"line":7,"column":5}}],"line":5},"4":{"loc":{"start":{"line":5,"column":8},"end":{"line":5,"column":85}},"type":"binary-expr","locations":[{"start":{"line":5,"column":8},"end":{"line":5,"column":13}},{"start":{"line":5,"column":18},"end":{"line":5,"column":84}}],"line":5},"5":{"loc":{"start":{"line":5,"column":18},"end":{"line":5,"column":84}},"type":"cond-expr","locations":[{"start":{"line":5,"column":34},"end":{"line":5,"column":47}},{"start":{"line":5,"column":50},"end":{"line":5,"column":84}}],"line":5},"6":{"loc":{"start":{"line":5,"column":50},"end":{"line":5,"column":84}},"type":"binary-expr","locations":[{"start":{"line":5,"column":50},"end":{"line":5,"column":63}},{"start":{"line":5,"column":67},"end":{"line":5,"column":84}}],"line":5},"7":{"loc":{"start":{"line":10,"column":4},"end":{"line":10,"column":33}},"type":"if","locations":[{"start":{"line":10,"column":4},"end":{"line":10,"column":33}},{"start":{"line":10,"column":4},"end":{"line":10,"column":33}}],"line":10},"8":{"loc":{"start":{"line":13,"column":25},"end":{"line":17,"column":2}},"type":"binary-expr","locations":[{"start":{"line":13,"column":26},"end":{"line":13,"column":30}},{"start":{"line":13,"column":34},"end":{"line":13,"column":57}},{"start":{"line":13,"column":63},"end":{"line":17,"column":1}}],"line":13},"9":{"loc":{"start":{"line":13,"column":63},"end":{"line":17,"column":1}},"type":"cond-expr","locations":[{"start":{"line":13,"column":80},"end":{"line":15,"column":1}},{"start":{"line":15,"column":5},"end":{"line":17,"column":1}}],"line":13},"10":{"loc":{"start":{"line":18,"column":19},"end":{"line":24,"column":1}},"type":"binary-expr","locations":[{"start":{"line":18,"column":20},"end":{"line":18,"column":24}},{"start":{"line":18,"column":28},"end":{"line":18,"column":45}},{"start":{"line":18,"column":50},"end":{"line":24,"column":1}}],"line":18},"11":{"loc":{"start":{"line":19,"column":4},"end":{"line":19,"column":42}},"type":"if","locations":[{"start":{"line":19,"column":4},"end":{"line":19,"column":42}},{"start":{"line":19,"column":4},"end":{"line":19,"column":42}}],"line":19},"12":{"loc":{"start":{"line":19,"column":8},"end":{"line":19,"column":29}},"type":"binary-expr","locations":[{"start":{"line":19,"column":8},"end":{"line":19,"column":11}},{"start":{"line":19,"column":15},"end":{"line":19,"column":29}}],"line":19},"13":{"loc":{"start":{"line":21,"column":4},"end":{"line":21,"column":141}},"type":"if","locations":[{"start":{"line":21,"column":4},"end":{"line":21,"column":141}},{"start":{"line":21,"column":4},"end":{"line":21,"column":141}}],"line":21},"14":{"loc":{"start":{"line":21,"column":40},"end":{"line":21,"column":141}},"type":"if","locations":[{"start":{"line":21,"column":40},"end":{"line":21,"column":141}},{"start":{"line":21,"column":40},"end":{"line":21,"column":141}}],"line":21},"15":{"loc":{"start":{"line":21,"column":44},"end":{"line":21,"column":107}},"type":"binary-expr","locations":[{"start":{"line":21,"column":44},"end":{"line":21,"column":59}},{"start":{"line":21,"column":63},"end":{"line":21,"column":107}}],"line":21},"16":{"loc":{"start":{"line":36,"column":30},"end":{"line":36,"column":54}},"type":"binary-expr","locations":[{"start":{"line":36,"column":30},"end":{"line":36,"column":34}},{"start":{"line":36,"column":38},"end":{"line":36,"column":46}},{"start":{"line":36,"column":50},"end":{"line":36,"column":54}}],"line":36},"17":{"loc":{"start":{"line":37,"column":8},"end":{"line":39,"column":9}},"type":"if","locations":[{"start":{"line":37,"column":8},"end":{"line":39,"column":9}},{"start":{"line":37,"column":8},"end":{"line":39,"column":9}}],"line":37},"18":{"loc":{"start":{"line":41,"column":8},"end":{"line":43,"column":9}},"type":"if","locations":[{"start":{"line":41,"column":8},"end":{"line":43,"column":9}},{"start":{"line":41,"column":8},"end":{"line":43,"column":9}}],"line":41},"19":{"loc":{"start":{"line":53,"column":30},"end":{"line":53,"column":46}},"type":"binary-expr","locations":[{"start":{"line":53,"column":30},"end":{"line":53,"column":34}},{"start":{"line":53,"column":38},"end":{"line":53,"column":46}}],"line":53},"20":{"loc":{"start":{"line":54,"column":8},"end":{"line":56,"column":9}},"type":"if","locations":[{"start":{"line":54,"column":8},"end":{"line":56,"column":9}},{"start":{"line":54,"column":8},"end":{"line":56,"column":9}}],"line":54},"21":{"loc":{"start":{"line":67,"column":8},"end":{"line":69,"column":9}},"type":"if","locations":[{"start":{"line":67,"column":8},"end":{"line":69,"column":9}},{"start":{"line":67,"column":8},"end":{"line":69,"column":9}}],"line":67},"22":{"loc":{"start":{"line":71,"column":8},"end":{"line":73,"column":9}},"type":"if","locations":[{"start":{"line":71,"column":8},"end":{"line":73,"column":9}},{"start":{"line":71,"column":8},"end":{"line":73,"column":9}}],"line":71}},"s":{"0":1,"1":11,"2":11,"3":11,"4":11,"5":11,"6":0,"7":11,"8":0,"9":0,"10":0,"11":1,"12":1,"13":0,"14":1,"15":1,"16":0,"17":1,"18":1,"19":1,"20":11,"21":11,"22":1,"23":1,"24":1,"25":1,"26":1,"27":1,"28":1,"29":1,"30":0,"31":0,"32":0,"33":0,"34":0,"35":0,"36":0,"37":0,"38":0,"39":0,"40":1,"41":0,"42":0,"43":0,"44":0,"45":0,"46":0,"47":0,"48":1,"49":0,"50":0,"51":0,"52":0,"53":0,"54":0,"55":0,"56":0,"57":0,"58":0,"59":1},"f":{"0":11,"1":0,"2":0,"3":1,"4":0,"5":1,"6":0,"7":0,"8":0},"b":{"0":[1,1,1],"1":[1,0],"2":[11,0],"3":[11,0],"4":[11,11],"5":[0,11],"6":[11,0],"7":[0,0],"8":[1,1,1],"9":[1,0],"10":[1,1,1],"11":[0,1],"12":[1,1],"13":[1,0],"14":[11,0],"15":[11,11],"16":[0,0,0],"17":[0,0],"18":[0,0],"19":[0,0],"20":[0,0],"21":[0,0],"22":[0,0]},"inputSourceMap":{"version":3,"file":"/home/gabriel/finalTest/Restricted-CPF-API/src/middleware/user.validate.ts","sources":["/home/gabriel/finalTest/Restricted-CPF-API/src/middleware/user.validate.ts"],"names":[],"mappings":";;;;;;;;;;;;;;;;;;;;;;;;;;AACA,iDAAmC;AACnC,0CAA2C;AAE3C,MAAM,YAAY,GAAG,4BAA4B,CAAC;AAElD,MAAM,YAAY;;;AACA,kCAAqB,GAAG,KAAK,EAAE,GAAY,EAAE,GAAa,EAAE,IAAkB,EAAE,EAAE;IAC5F,IAAI;QACA,MAAM,EAAE,IAAI,EAAE,QAAQ,EAAE,IAAI,EAAE,GAAG,GAAG,CAAC,IAAI,CAAC;QAC1C,MAAM,aAAa,GAAG,IAAI,IAAI,QAAQ,IAAI,IAAI,CAAC;QAE/C,IAAI,CAAC,aAAa,EAAE;YAChB,OAAO,GAAG,CAAC,MAAM,CAAC,GAAG,CAAC,CAAC,IAAI,CAAC,EAAE,OAAO,EAAE,2BAA2B,EAAE,CAAC,CAAC;SACzE;QACD,MAAM,QAAQ,GAAG,MAAM,uBAAY,CAAC,UAAU,CAAC,IAAI,CAAC,CAAC;QACrD,IAAI,QAAQ,KAAK,IAAI,EAAE;YACnB,OAAO,GAAG,CAAC,MAAM,CAAC,GAAG,CAAC,CAAC,IAAI,CAAC,EAAE,OAAO,EAAE,kBAAkB,EAAE,CAAC,CAAC;SAChE;QAED,OAAO,IAAI,EAAE,CAAC;KACjB;IAAC,OAAO,GAAQ,EAAE;QACf,OAAO,GAAG,CAAC,MAAM,CAAC,GAAG,CAAC,CAAC,IAAI,CAAC,EAAE,OAAO,EAAE,GAAG,CAAC,OAAO,EAAE,CAAC,CAAC;KACzD;AACL,CAAC,CAAC;AAEY,6BAAgB,GAAG,KAAK,EAAE,GAAY,EAAE,GAAa,EAAE,IAAkB,EAAE,EAAE;IACvF,IAAI;QACA,MAAM,EAAE,IAAI,EAAE,QAAQ,EAAE,GAAG,GAAG,CAAC,IAAI,CAAC;QACpC,MAAM,aAAa,GAAG,IAAI,IAAI,QAAQ,CAAC;QAEvC,IAAI,CAAC,aAAa,EAAE;YAChB,OAAO,GAAG,CAAC,MAAM,CAAC,GAAG,CAAC,CAAC,IAAI,CAAC,EAAE,OAAO,EAAE,2BAA2B,EAAE,CAAC,CAAC;SACzE;QACD,OAAO,IAAI,EAAE,CAAC;KACjB;IAAC,OAAO,GAAQ,EAAE;QACf,OAAO,GAAG,CAAC,MAAM,CAAC,GAAG,CAAC,CAAC,IAAI,CAAC,EAAE,OAAO,EAAE,GAAG,CAAC,OAAO,EAAE,CAAC,CAAC;KACzD;AACL,CAAC,CAAC;AAEY,0BAAa,GAAG,KAAK,EAAE,GAAY,EAAE,GAAa,EAAE,IAAkB,EAAE,EAAE;IACpF,IAAI;QACA,MAAM,EAAE,IAAI,EAAE,QAAQ,EAAE,GAAG,GAAG,CAAC,IAAI,CAAC;QACpC,MAAM,QAAQ,GAAG,MAAM,uBAAY,CAAC,UAAU,CAAC,IAAI,CAAC,CAAC;QACrD,IAAI,CAAC,QAAQ,EAAE;YACX,OAAO,GAAG,CAAC,MAAM,CAAC,GAAG,CAAC,CAAC,IAAI,CAAC,EAAE,OAAO,EAAE,YAAY,EAAE,CAAC,CAAC;SAC1D;QAED,MAAM,aAAa,GAAG,MAAM,CAAC,WAAW,CAAC,QAAQ,EAAE,QAAQ,CAAC,QAAQ,CAAC,CAAC;QAEtE,IAAI,aAAa,KAAK,KAAK,EAAE;YACzB,OAAO,GAAG,CAAC,MAAM,CAAC,GAAG,CAAC,CAAC,IAAI,CAAC,EAAE,OAAO,EAAE,YAAY,EAAE,CAAC,CAAC;SAC1D;QAED,OAAO,IAAI,EAAE,CAAC;KACjB;IAAC,OAAO,GAAQ,EAAE;QACf,OAAO,GAAG,CAAC,MAAM,CAAC,GAAG,CAAC,CAAC,IAAI,CAAC,EAAE,OAAO,EAAE,GAAG,CAAC,OAAO,EAAE,CAAC,CAAC;KACzD;AACL,CAAC,CAAC;AAEN,kBAAe,YAAY,CAAC","sourcesContent":["import { NextFunction, Request, Response } from 'express';\nimport * as bcrypt from 'bcryptjs';\nimport { UserServices } from '../services';\n\nconst incorrectMsg = 'Incorrect name or password';\n\nclass UserValidate {\n    public static createUserfieldHandle = async (req: Request, res: Response, next: NextFunction) => {\n        try {\n            const { name, password, role } = req.body;\n            const fieldsRequire = name && password && role;\n\n            if (!fieldsRequire) {\n                return res.status(400).json({ message: 'All fields must be filled' });\n            }\n            const findUser = await UserServices.findByName(name);\n            if (findUser !== null) {\n                return res.status(409).json({ message: 'UserAlreadyExist' });\n            }\n\n            return next();\n        } catch (err: any) {\n            return res.status(400).json({ message: err.message });\n        }\n    };\n\n    public static loginFieldHandle = async (req: Request, res: Response, next: NextFunction) => {\n        try {\n            const { name, password } = req.body;\n            const fieldsRequire = name && password;\n\n            if (!fieldsRequire) {\n                return res.status(400).json({ message: 'All fields must be filled' });\n            }\n            return next();\n        } catch (err: any) {\n            return res.status(400).json({ message: err.message });\n        }\n    };\n\n    public static fieldValidate = async (req: Request, res: Response, next: NextFunction) => {\n        try {\n            const { name, password } = req.body;\n            const userData = await UserServices.findByName(name);\n            if (!userData) {\n                return res.status(401).json({ message: incorrectMsg });\n            }\n\n            const checkPassword = bcrypt.compareSync(password, userData.password);\n\n            if (checkPassword === false) {\n                return res.status(401).json({ message: incorrectMsg });\n            }\n\n            return next();\n        } catch (err: any) {\n            return res.status(400).json({ message: err.message });\n        }\n    };\n}\nexport default UserValidate;\n"]},"_coverageSchema":"1a1c01bbd47fc00a2c39e90264f33305004495a9","hash":"1cf463dda4709e1b331a0f93be6ba4a827b060ed"},"/home/gabriel/finalTest/Restricted-CPF-API/src/routes/login.routes.ts":{"path":"/home/gabriel/finalTest/Restricted-CPF-API/src/routes/login.routes.ts","statementMap":{"0":{"start":{"line":2,"column":22},"end":{"line":4,"column":1}},"1":{"start":{"line":3,"column":4},"end":{"line":3,"column":62}},"2":{"start":{"line":5,"column":0},"end":{"line":5,"column":62}},"3":{"start":{"line":6,"column":18},"end":{"line":6,"column":53}},"4":{"start":{"line":7,"column":22},"end":{"line":7,"column":47}},"5":{"start":{"line":8,"column":24},"end":{"line":8,"column":79}},"6":{"start":{"line":9,"column":15},"end":{"line":9,"column":41}},"7":{"start":{"line":10,"column":0},"end":{"line":10,"column":135}},"8":{"start":{"line":11,"column":0},"end":{"line":11,"column":25}}},"fnMap":{"0":{"name":"(anonymous_0)","decl":{"start":{"line":2,"column":56},"end":{"line":2,"column":57}},"loc":{"start":{"line":2,"column":71},"end":{"line":4,"column":1}},"line":2}},"branchMap":{"0":{"loc":{"start":{"line":2,"column":22},"end":{"line":4,"column":1}},"type":"binary-expr","locations":[{"start":{"line":2,"column":23},"end":{"line":2,"column":27}},{"start":{"line":2,"column":31},"end":{"line":2,"column":51}},{"start":{"line":2,"column":56},"end":{"line":4,"column":1}}],"line":2},"1":{"loc":{"start":{"line":3,"column":11},"end":{"line":3,"column":61}},"type":"cond-expr","locations":[{"start":{"line":3,"column":37},"end":{"line":3,"column":40}},{"start":{"line":3,"column":43},"end":{"line":3,"column":61}}],"line":3},"2":{"loc":{"start":{"line":3,"column":12},"end":{"line":3,"column":33}},"type":"binary-expr","locations":[{"start":{"line":3,"column":12},"end":{"line":3,"column":15}},{"start":{"line":3,"column":19},"end":{"line":3,"column":33}}],"line":3}},"s":{"0":1,"1":2,"2":1,"3":1,"4":1,"5":1,"6":1,"7":1,"8":1},"f":{"0":2},"b":{"0":[1,1,1],"1":[1,1],"2":[2,2]},"inputSourceMap":{"version":3,"file":"/home/gabriel/finalTest/Restricted-CPF-API/src/routes/login.routes.ts","sources":["/home/gabriel/finalTest/Restricted-CPF-API/src/routes/login.routes.ts"],"names":[],"mappings":";;;;;AAAA,sDAA8B;AAC9B,gDAAiD;AACjD,gFAAuD;AAEvD,MAAM,MAAM,GAAG,iBAAO,CAAC,MAAM,EAAE,CAAC;AAEhC,MAAM,CAAC,IAAI,CAAC,GAAG,EAAE,uBAAY,CAAC,gBAAgB,EAAE,uBAAY,CAAC,aAAa,EAAE,6BAAe,CAAC,KAAK,CAAC,CAAC;AAEnG,kBAAe,MAAM,CAAC","sourcesContent":["import express from 'express';\nimport { LoginController } from '../controllers';\nimport UserValidate from '../middleware/user.validate';\n\nconst router = express.Router();\n\nrouter.post('/', UserValidate.loginFieldHandle, UserValidate.fieldValidate, LoginController.login);\n\nexport default router;\n"]},"_coverageSchema":"1a1c01bbd47fc00a2c39e90264f33305004495a9","hash":"1ba9f4fc378e70ab6f5af67eb6990785d9604096"}}